['chr8', 'chr9']
['chr1' 'chr10' 'chr11' 'chr12' 'chr13' 'chr14' 'chr15' 'chr16' 'chr17'
 'chr18' 'chr19' 'chr1_GL456210_random' 'chr1_GL456211_random'
 'chr1_GL456212_random' 'chr1_GL456221_random' 'chr2' 'chr3' 'chr4'
 'chr4_GL456216_random' 'chr4_JH584292_random' 'chr4_JH584295_random'
 'chr5' 'chr5_JH584299_random' 'chr6' 'chr7' 'chr8' 'chr9' 'chrM'
 'chrUn_GL456239' 'chrUn_GL456359' 'chrUn_GL456360' 'chrUn_GL456366'
 'chrUn_GL456367' 'chrUn_GL456368' 'chrUn_GL456370' 'chrUn_GL456372'
 'chrUn_GL456378' 'chrUn_GL456379' 'chrUn_GL456381' 'chrUn_GL456383'
 'chrUn_GL456385' 'chrUn_GL456387' 'chrUn_GL456389' 'chrUn_GL456390'
 'chrUn_GL456392' 'chrUn_GL456393' 'chrUn_GL456394' 'chrUn_GL456396'
 'chrUn_JH584304' 'chrX' 'chrX_GL456233_random' 'chrY']
381
building rand cache...
BG: chrUn_GL456382, 16143, +
BBBBBB: 177.819837093s
BG: chr2, 85854043, +
BBBBBB: 0.0195150375366s
5121778
PT: chr5, 149428686, -
PPPPPP: 0.0181632041931s
5121778
PT: chr12, 100615357, +
PPPPPP: 0.0158479213715s
5121778
PT: chr6, 86410394, +
PPPPPP: 0.0291121006012s
BG: chrUn_GL456359, 8769, +
BBBBBB: 0.00308609008789s
BG: chr5_JH584299_random, 822326, -
BBBBBB: 0.00171208381653s
BG: chr7_GL456219_random, 2127, -
BBBBBB: 0.0186951160431s
5121778
PT: chr5, 12050009, -
PPPPPP: 0.0138869285583s
BG: chr17, 549058, +
BBBBBB: 0.0104410648346s
5121778
PT: chr7, 127978509, +
PPPPPP: 0.0518891811371s
sampled background overlapped with positive examples
sampled background overlapped with positive examples
BG: chr13, 85998814, +
BBBBBB: 0.0640339851379s
5121778
PT: chr11, 69842143, -
PPPPPP: 0.0243718624115s
5121778
PT: chr19, 46764817, +
PPPPPP: 0.0226781368256s
5121778
PT: chr15, 55912414, +
PPPPPP: 0.0524768829346s
5121778
PT: chrX, 95165881, +
PPPPPP: 0.025680065155s
((16, 59520),)
(16L, 960L, 62L)
(16L, 59520L)
sampled background overlapped with positive examples
BG: chr14, 122521888, +
BBBBBB: 0.050400018692s
5121778
PT: chr18, 73703954, +
PPPPPP: 0.0216710567474s
5121778
PT: chr5, 31629557, -
PPPPPP: 0.0483121871948s
5121778
PT: chr2, 118901738, -
PPPPPP: 0.042042016983s
5121778
PT: chr1, 82724902, +
PPPPPP: 0.0293819904327s
5121778
PT: chr14, 30441550, -
PPPPPP: 0.0432169437408s
5121778
PT: chr15, 96624413, -
PPPPPP: 0.0289800167084s
5121778
PT: chr17, 53663848, -
PPPPPP: 0.0151510238647s
5121778
PT: chr11, 30545787, -
PPPPPP: 0.023463010788s
5121778
PT: chr15, 99664238, +
PPPPPP: 0.0330469608307s
BG: chrUn_GL456394, 3333, -
BBBBBB: 0.00462603569031s
5121778
PT: chr15, 97786941, -
PPPPPP: 0.0338327884674s
5121778
PT: chr15, 100886346, +
PPPPPP: 0.0179598331451s
BG: chrY_JH584301_random, 124139, +
BBBBBB: 0.00713706016541s
5121778
PT: chr7, 97399977, +
PPPPPP: 0.0279560089111s
BG: chr4_JH584294_random, 189227, -
BBBBBB: 0.00416398048401s
((16, 59520),)
(16L, 960L, 62L)
(16L, 59520L)
BG: chrY_JH584302_random, 140116, -
BBBBBB: 0.00417304039001s
BG: chr4_GL456350_random, 157337, -
BBBBBB: 0.0042130947113s
sampled background overlapped with positive examples
BG: chrX_GL456233_random, 301909, -
BBBBBB: 0.0183019638062s
5121778
PT: chr5, 33552237, +
PPPPPP: 0.0499520301819s
5121778
PT: chr18, 60651097, +
PPPPPP: 0.0155267715454s
BG: chrY_JH584302_random, 121966, -
BBBBBB: 0.00424695014954s
5121778
PT: chr5, 73406227, -
PPPPPP: 0.023463010788s
5121778
PT: chr18, 6702267, +
PPPPPP: 0.0265760421753s
BG: chrY_JH584301_random, 199892, +
BBBBBB: 0.00702810287476s
5121778
PT: chr11, 103112966, +
PPPPPP: 0.0258929729462s
BG: chr5_JH584297_random, 191368, -
BBBBBB: 0.00420689582825s
5121778
PT: chr2, 103147365, -
PPPPPP: 0.0236310958862s
5121778
PT: chr15, 101132009, +
PPPPPP: 0.0109939575195s
5121778
PT: chr7, 16924867, +
PPPPPP: 0.0243301391602s
5121778
PT: chr19, 13036228, +
PPPPPP: 0.0270028114319s
5121778
PT: chr14, 54952491, +
PPPPPP: 0.058030128479s
((16, 59520),)
(16L, 960L, 62L)
(16L, 59520L)
5121778
PT: chr3, 131965884, -
PPPPPP: 0.0340261459351s
sampled background overlapped with positive examples
BG: chr19, 31908922, -
BBBBBB: 0.0378019809723s
sampled background overlapped with positive examples
BG: chrUn_GL456382, 12029, -
BBBBBB: 0.0046968460083s
5121778
PT: chr11, 84766657, -
PPPPPP: 0.0213150978088s
5121778
PT: chr13, 30160373, -
PPPPPP: 0.0167670249939s
5121778
PT: chr4, 100775644, -
PPPPPP: 0.0134711265564s
sampled background overlapped with positive examples
sampled background overlapped with positive examples
BG: chrUn_GL456370, 10877, -
BBBBBB: 0.00566911697388s
sampled background overlapped with positive examples
sampled background overlapped with positive examples
BG: chrY_JH584303_random, 63250, +
BBBBBB: 0.0219390392303s
sampled background overlapped with positive examples
BG: chr1_GL456211_random, 153244, +
BBBBBB: 0.0218508243561s
5121778
PT: chr13, 91389803, -
PPPPPP: 0.0202269554138s
5121778
PT: chr1, 33722368, +
PPPPPP: 0.0213649272919s
BG: chr5_JH584296_random, 18407, +
BBBBBB: 0.00703883171082s
sampled background overlapped with positive examples
sampled background overlapped with positive examples
sampled background overlapped with positive examples
BG: chr11, 121959253, +
BBBBBB: 0.0311160087585s
5121778
PT: chr15, 66111502, -
PPPPPP: 0.0323150157928s
BG: chr5, 82634813, -
BBBBBB: 0.0243990421295s
5121778
PT: chr15, 49537015, -
PPPPPP: 0.020770072937s
((16, 59520),)
(16L, 960L, 62L)
(16L, 59520L)
5121778
PT: chr11, 23497571, -
PPPPPP: 0.0307738780975s
5121778
PT: chr15, 84988608, +
PPPPPP: 0.0350699424744s
BG: chrUn_GL456378, 7173, +
BBBBBB: 0.00743412971497s
5121778
PT: chr7, 82810262, +
PPPPPP: 0.0231168270111s
5121778
PT: chr7, 80556925, -
PPPPPP: 0.020751953125s
5121778
PT: chr7, 142371351, +
PPPPPP: 0.0256960391998s
5121778
PT: chr2, 137117842, +
PPPPPP: 0.0170438289642s
sampled background overlapped with positive examples
BG: chr5_JH584298_random, 178089, +
BBBBBB: 0.0172770023346s
BG: chrUn_GL456389, 25105, -
BBBBBB: 0.00463509559631s
BG: chr1_GL456221_random, 193718, +
BBBBBB: 0.00703406333923s
5121778
PT: chr1, 16296307, +
PPPPPP: 0.048691034317s
5121778
PT: chr14, 45659239, +
PPPPPP: 0.0211799144745s
5121778
PT: chr4, 154876204, +
PPPPPP: 0.026319026947s
BG: chrY, 64131179, +
BBBBBB: 0.0152041912079s
sampled background overlapped with positive examples
BG: chr5_JH584296_random, 149554, -
BBBBBB: 0.00471305847168s
BG: chr4_GL456216_random, 4581, +
BBBBBB: 0.00753307342529s
((16, 59520),)
(16L, 960L, 62L)
(16L, 59520L)
5121778
PT: chr5, 117361037, -
PPPPPP: 0.0295240879059s
5121778
PT: chr11, 76449717, -
PPPPPP: 0.0258390903473s
BG: chr9, 28311626, +
BBBBBB: 0.0229358673096s
sampled background overlapped with positive examples
BG: chr5_JH584296_random, 176496, -
BBBBBB: 0.0119450092316s
BG: chr1_GL456211_random, 70597, -
BBBBBB: 0.00414896011353s
sampled background overlapped with positive examples
BG: chr18, 2539174, -
BBBBBB: 0.021614074707s
5121778
PT: chr7, 79662531, +
PPPPPP: 0.0181438922882s
5121778
PT: chr2, 157647088, +
PPPPPP: 0.0234799385071s
5121778
PT: chr13, 55826319, +
PPPPPP: 0.0169949531555s
BG: chr4_JH584294_random, 45299, +
BBBBBB: 0.00704908370972s
sampled background overlapped with positive examples
BG: chr4_JH584293_random, 87787, +
BBBBBB: 0.0166878700256s
BG: chr5_GL456354_random, 4320, -
BBBBBB: 0.00415802001953s
BG: chr4_JH584294_random, 15292, +
BBBBBB: 0.00700712203979s
BG: chr4_JH584293_random, 25854, +
BBBBBB: 0.00695204734802s
5121778
PT: chr12, 51915581, +
PPPPPP: 0.0273218154907s
5121778
PT: chr14, 45497430, +
PPPPPP: 0.029158115387s
((16, 59520),)
(16L, 960L, 62L)
(16L, 59520L)
5121778
PT: chr14, 65806174, +
PPPPPP: 0.0278251171112s
5121778
PT: chr3, 37443433, +
PPPPPP: 0.0318281650543s
sampled background overlapped with positive examples
sampled background overlapped with positive examples
BG: chr1_GL456213_random, 9605, -
BBBBBB: 0.00723695755005s
BG: chr2, 122818932, +
BBBBBB: 0.0351648330688s
BG: chrUn_GL456394, 9612, +
BBBBBB: 0.0074360370636s
5121778
PT: chr2, 31636110, -
PPPPPP: 0.0225639343262s
5121778
PT: chr14, 98891732, -
PPPPPP: 0.0127210617065s
5121778
PT: chr13, 108390850, -
PPPPPP: 0.039724111557s
sampled background overlapped with positive examples
BG: chrY, 19772744, -
BBBBBB: 0.0510671138763s
BG: chr4_GL456216_random, 64948, -
BBBBBB: 0.00467491149902s
sampled background overlapped with positive examples
sampled background overlapped with positive examples
BG: chr4_GL456216_random, 57571, -
BBBBBB: 0.0109829902649s
BG: chr5_JH584298_random, 1230, +
BBBBBB: 0.00700306892395s
5121778
PT: chr6, 91224394, -
PPPPPP: 0.0666999816895s
5121778
PT: chr1, 178744784, +
PPPPPP: 0.0241720676422s
BG: chr1_GL456221_random, 43625, -
BBBBBB: 0.00415110588074s
BG: chr1_GL456210_random, 87670, +
BBBBBB: 0.00711607933044s
((16, 59520),)
(16L, 960L, 62L)
(16L, 59520L)
BG: chrY_JH584300_random, 38718, -
BBBBBB: 0.00431108474731s
BG: chr4_GL456216_random, 65010, -
BBBBBB: 0.00467896461487s
BG: chrUn_GL456379, 45954, -
BBBBBB: 0.00418996810913s
5121778
PT: chr11, 32707910, -
PPPPPP: 0.0261158943176s
sampled background overlapped with positive examples
BG: chrUn_GL456360, 2922, -
BBBBBB: 0.00548100471497s
5121778
PT: chr12, 109806056, -
PPPPPP: 0.0390701293945s
5121778
PT: chr2, 39200020, +
PPPPPP: 0.0325429439545s
BG: chr10, 111610100, +
BBBBBB: 0.0203058719635s
BG: chrUn_GL456378, 3876, -
BBBBBB: 0.00471591949463s
BG: chr1_GL456221_random, 150265, -
BBBBBB: 0.00469303131104s
5121778
PT: chr4, 137503455, +
PPPPPP: 0.0234200954437s
5121778
PT: chr7, 120850105, -
PPPPPP: 0.023824930191s
5121778
PT: chr2, 166216768, +
PPPPPP: 0.0214028358459s
BG: chr1_GL456210_random, 104278, -
BBBBBB: 0.00475311279297s
5121778
PT: chr10, 44443539, +
PPPPPP: 0.0293250083923s
sampled background overlapped with positive examples
BG: chr5_JH584297_random, 77820, -
BBBBBB: 0.015674829483s
((16, 59520),)
(16L, 960L, 62L)
(16L, 59520L)
5121778
PT: chr7, 17157434, +
PPPPPP: 0.0257132053375s
BG: chrY_JH584303_random, 146516, -
BBBBBB: 0.00534105300903s
5121778
PT: chr2, 180720586, +
PPPPPP: 0.0249121189117s
BG: chrUn_GL456372, 6456, -
BBBBBB: 0.00465297698975s
BG: chrY_JH584301_random, 157069, +
BBBBBB: 0.00705599784851s
5121778
PT: chr5, 122722632, -
PPPPPP: 0.0190238952637s
BG: chrUn_GL456385, 13586, +
BBBBBB: 0.00802707672119s
5121778
PT: chr12, 5400127, +
PPPPPP: 0.0314040184021s
sampled background overlapped with positive examples
BG: chr19, 7805627, -
BBBBBB: 0.0251240730286s
BG: chr8, 42527376, -
BBBBBB: 0.0155870914459s
BG: chrY_JH584300_random, 126361, -
BBBBBB: 0.00418901443481s
BG: chrUn_GL456392, 17584, -
BBBBBB: 0.00463795661926s
BG: chrUn_GL456382, 22133, +
BBBBBB: 0.00688290596008s
BG: chrX_GL456233_random, 45538, +
BBBBBB: 0.0121209621429s
5121778
PT: chr10, 28089375, -
PPPPPP: 0.0119240283966s
sampled background overlapped with positive examples
sampled background overlapped with positive examples
sampled background overlapped with positive examples
BG: chrUn_GL456390, 16241, +
BBBBBB: 0.0194489955902s
((16, 59520),)
(16L, 960L, 62L)
(16L, 59520L)
5121778
PT: chr16, 21466625, +
PPPPPP: 0.0271379947662s
5121778
PT: chr2, 13270831, +
PPPPPP: 0.0281410217285s
sampled background overlapped with positive examples
BG: chrY_JH584300_random, 24235, +
BBBBBB: 0.0216619968414s
BG: chrUn_GL456368, 6202, -
BBBBBB: 0.0046181678772s
BG: chrUn_GL456381, 6211, -
BBBBBB: 0.00450921058655s
sampled background overlapped with positive examples
BG: chrUn_JH584304, 109217, -
BBBBBB: 0.00900411605835s
sampled background overlapped with positive examples
BG: chrUn_GL456367, 14356, +
BBBBBB: 0.0171480178833s
sampled background overlapped with positive examples
BG: chr1_GL456210_random, 148604, +
BBBBBB: 0.00752401351929s
BG: chr5, 97988012, +
BBBBBB: 0.0269241333008s
BG: chr17, 14364508, -
BBBBBB: 0.0178818702698s
5121778
PT: chr17, 57143419, -
PPPPPP: 0.00797295570374s
5121778
PT: chr14, 19718742, +
PPPPPP: 0.0250511169434s
BG: chr8, 56796732, +
BBBBBB: 0.0244770050049s
BG: chr1_GL456210_random, 150012, +
BBBBBB: 0.00701498985291s
5121778
PT: chr15, 77915873, -
PPPPPP: 0.0159800052643s
sampled background overlapped with positive examples
BG: chr5_JH584299_random, 404319, -
BBBBBB: 0.00563502311707s
((16, 59520),)
(16L, 960L, 62L)
(16L, 59520L)
627353
PT: chr9, 77178818, -
PPPPPP: 0.0234820842743s
BG: chrUn_GL456239, 15200, -
BBBBBB: 0.0047459602356s
BG: chrUn_GL456359, 4080, +
BBBBBB: 0.00754594802856s
627353
PT: chr9, 114528219, +
PPPPPP: 0.0267550945282s
sampled background overlapped with positive examples
BG: chr1_GL456221_random, 119821, +
BBBBBB: 0.00800013542175s
627353
PT: chr9, 53586888, -
PPPPPP: 0.0246398448944s
BG: chrY_JH584303_random, 101842, +
BBBBBB: 0.00715708732605s
627353
PT: chr8, 88279630, -
PPPPPP: 0.0283980369568s
627353
PT: chr8, 121326716, +
PPPPPP: 0.0242710113525s
BG: chr1_GL456212_random, 118996, -
BBBBBB: 0.00474500656128s
BG: chrUn_GL456360, 30123, -
BBBBBB: 0.00457000732422s
BG: chr4_JH584292_random, 10038, +
BBBBBB: 0.00751209259033s
627353
PT: chr8, 127229518, -
PPPPPP: 0.0183079242706s
627353
PT: chr9, 34954455, -
PPPPPP: 0.0205228328705s
627353
PT: chr8, 118710442, -
PPPPPP: 0.030189037323s
627353
PT: chr8, 47548154, +
PPPPPP: 0.0156350135803s
((16, 59520),)
(16L, 960L, 62L)
(16L, 59520L)
BG: chr10, 14473320, -
BBBBBB: 0.0295209884644s
BG: chrUn_GL456370, 2618, +
BBBBBB: 0.00753903388977s
BG: chr7, 37050062, +
BBBBBB: 0.027293920517s
627353
PT: chr9, 63728495, -
PPPPPP: 0.0324561595917s
BG: chr11, 43871364, -
BBBBBB: 0.0113189220428s
sampled background overlapped with positive examples
BG: chr1_GL456211_random, 168577, -
BBBBBB: 0.00528383255005s
627353
PT: chr8, 122231425, -
PPPPPP: 0.00816702842712s
627353
PT: chr8, 8568368, +
PPPPPP: 0.0181341171265s
BG: chrUn_GL456379, 53981, -
BBBBBB: 0.00462985038757s
627353
PT: chr8, 121947787, -
PPPPPP: 0.00726509094238s
627353
PT: chr9, 99380622, -
PPPPPP: 0.0234270095825s
627353
PT: chr9, 109107203, +
PPPPPP: 0.0100769996643s
BG: chrUn_GL456366, 11241, -
BBBBBB: 0.0046591758728s
sampled background overlapped with positive examples
BG: chr3, 58403330, +
BBBBBB: 0.0262250900269s
627353
PT: chr9, 64386823, +
PPPPPP: 0.0349872112274s
627353
PT: chr8, 113780326, +
PPPPPP: 0.0358781814575s
((16, 59520),)
(16L, 960L, 62L)
(16L, 59520L)
sampled background overlapped with positive examples
BG: chr4_GL456350_random, 47666, -
BBBBBB: 0.00478720664978s
627353
PT: chr9, 21962160, -
PPPPPP: 0.0219671726227s
BG: chrUn_GL456359, 5968, +
BBBBBB: 0.00756001472473s
627353
PT: chr9, 46189041, -
PPPPPP: 0.0107789039612s
BG: chr1_GL456210_random, 58519, -
BBBBBB: 0.00474405288696s
627353
PT: chr8, 86317005, -
PPPPPP: 0.0151519775391s
627353
PT: chr8, 46881403, -
PPPPPP: 0.0168499946594s
BG: chr6, 111861238, -
BBBBBB: 0.0103299617767s
BG: chr5_JH584298_random, 80143, -
BBBBBB: 0.00414419174194s
sampled background overlapped with positive examples
BG: chr14, 53539180, -
BBBBBB: 0.0283501148224s
627353
PT: chr9, 80848809, +
PPPPPP: 0.0237951278687s
627353
PT: chr9, 43781221, -
PPPPPP: 0.0312328338623s
BG: chr1_GL456212_random, 30138, +
BBBBBB: 0.00710988044739s
sampled background overlapped with positive examples
BG: chrUn_GL456385, 28663, -
BBBBBB: 0.0128200054169s
BG: chrUn_GL456359, 11117, +
BBBBBB: 0.0073938369751s
627353
PT: chr8, 4328915, -
PPPPPP: 0.0273389816284s
((16, 59520),)
(16L, 960L, 62L)
(16L, 59520L)
627353
PT: chr8, 118237283, +
PPPPPP: 0.0230050086975s
627353
PT: chr8, 91879571, +
PPPPPP: 0.0256559848785s
sampled background overlapped with positive examples
BG: chr4_JH584294_random, 171575, +
BBBBBB: 0.00841403007507s
sampled background overlapped with positive examples
BG: chr5_GL456354_random, 43648, +
BBBBBB: 0.0182721614838s
627353
PT: chr9, 113777434, +
PPPPPP: 0.0187649726868s
sampled background overlapped with positive examples
BG: chrY_JH584301_random, 112441, +
BBBBBB: 0.0175149440765s
627353
PT: chr8, 33972728, -
PPPPPP: 0.0246469974518s
627353
PT: chr9, 35156984, +
PPPPPP: 0.0106139183044s
sampled background overlapped with positive examples
BG: chr10, 123366761, -
BBBBBB: 0.0381338596344s
sampled background overlapped with positive examples
BG: chrUn_GL456392, 7006, +
BBBBBB: 0.00812697410583s
627353
PT: chr8, 12139315, +
PPPPPP: 0.0246319770813s
627353
PT: chr8, 94568098, +
PPPPPP: 0.0261971950531s
627353
PT: chr9, 69511584, +
PPPPPP: 0.0301599502563s
627353
PT: chr9, 21671055, -
PPPPPP: 0.0156440734863s
627353
PT: chr9, 27037072, +
PPPPPP: 0.0194380283356s
BG: chr1_GL456210_random, 9627, -
BBBBBB: 0.00418281555176s
((16, 59520),)
(16L, 960L, 62L)
(16L, 59520L)
627353
PT: chr8, 83168079, -
PPPPPP: 0.0307760238647s
627353
PT: chr8, 115032283, +
PPPPPP: 0.0536458492279s
sampled background overlapped with positive examples
BG: chr1_GL456211_random, 5429, +
BBBBBB: 0.0107939243317s
sampled background overlapped with positive examples
sampled background overlapped with positive examples
BG: chrUn_GL456239, 15223, +
BBBBBB: 0.00859308242798s
627353
PT: chr9, 108036456, +
PPPPPP: 0.0113229751587s
sampled background overlapped with positive examples
BG: chr4, 6013206, -
BBBBBB: 0.0205929279327s
627353
PT: chr9, 41596440, +
PPPPPP: 0.0278010368347s
627353
PT: chr8, 95337819, +
PPPPPP: 0.0171580314636s
BG: chrUn_GL456385, 24365, +
BBBBBB: 0.00755381584167s
BG: chrUn_GL456382, 4924, -
BBBBBB: 0.00421500205994s
sampled background overlapped with positive examples
sampled background overlapped with positive examples
BG: chrUn_GL456379, 18666, +
BBBBBB: 0.00858306884766s
BG: chr4_JH584293_random, 119258, +
BBBBBB: 0.00705599784851s
627353
PT: chr8, 88271090, -
PPPPPP: 0.0143768787384s
627353
PT: chr8, 45975211, -
PPPPPP: 0.0117530822754s
627353
PT: chr8, 125200440, +
PPPPPP: 0.0333189964294s
BG: chrUn_GL456394, 5325, +
BBBBBB: 0.00756287574768s
((16, 59520),)
(16L, 960L, 62L)
(16L, 59520L)
Train loss: 0.666964221001, Test loss: 0.591812741756. Time: 184.581440926 s.
BG: chrUn_GL456390, 20288, +
BBBBBB: 0.00502681732178s
5121778
PT: chr6, 37931233, -
PPPPPP: 0.0233759880066s
5121778
PT: chr3, 41541303, -
PPPPPP: 0.0268039703369s
5121778
PT: chr15, 99641052, +
PPPPPP: 0.0221679210663s
5121778
PT: chr4, 123368042, -
PPPPPP: 0.0235979557037s
5121778
PT: chr7, 145107319, -
PPPPPP: 0.0298321247101s
5121778
PT: chr6, 86669679, -
PPPPPP: 0.0237228870392s
5121778
PT: chr4, 154570667, +
PPPPPP: 0.0470321178436s
BG: chrUn_GL456385, 26583, -
BBBBBB: 0.00469899177551s
sampled background overlapped with positive examples
sampled background overlapped with positive examples
sampled background overlapped with positive examples
BG: chrUn_GL456370, 2090, -
BBBBBB: 0.00623178482056s
5121778
PT: chr4, 151942360, +
PPPPPP: 0.0204110145569s
sampled background overlapped with positive examples
BG: chrUn_GL456382, 19196, +
BBBBBB: 0.00896906852722s
5121778
PT: chr13, 46502493, -
PPPPPP: 0.0318779945374s
5121778
PT: chr4, 55533176, -
PPPPPP: 0.0213079452515s
5121778
PT: chr4, 127416928, +
PPPPPP: 0.0267789363861s
5121778
PT: chr18, 68138572, +
PPPPPP: 0.0290169715881s
((16, 59520),)
(16L, 960L, 62L)
(16L, 59520L)
BG: chrUn_GL456394, 22534, -
BBBBBB: 0.00467085838318s
5121778
PT: chr14, 21042624, +
PPPPPP: 0.04217004776s
5121778
PT: chr11, 64079804, +
PPPPPP: 0.0425357818604s
BG: chr4_GL456216_random, 1842, -
BBBBBB: 0.00464296340942s
5121778
PT: chr11, 88623153, +
PPPPPP: 0.0128331184387s
5121778
PT: chr1, 34815874, -
PPPPPP: 0.0383999347687s
5121778
PT: chr12, 71242227, +
PPPPPP: 0.0269079208374s
5121778
PT: chr6, 113033008, +
PPPPPP: 0.0202901363373s
sampled background overlapped with positive examples
BG: chrUn_GL456368, 19490, +
BBBBBB: 0.0162439346313s
5121778
PT: chr4, 112896883, +
PPPPPP: 0.0249800682068s
5121778
PT: chr11, 90657987, -
PPPPPP: 0.0253582000732s
BG: chrUn_GL456394, 2755, +
BBBBBB: 0.00744104385376s
BG: chr1_GL456213_random, 12368, +
BBBBBB: 0.00707197189331s
BG: chr7_GL456219_random, 150082, +
BBBBBB: 0.00893902778625s
5121778
PT: chr3, 83537990, -
PPPPPP: 0.0236821174622s
5121778
PT: chr7, 89709667, -
PPPPPP: 0.0220899581909s
((16, 59520),)
(16L, 960L, 62L)
(16L, 59520L)
BG: chr4_JH584293_random, 5336, +
BBBBBB: 0.00717496871948s
sampled background overlapped with positive examples
BG: chr1_GL456210_random, 147682, +
BBBBBB: 0.0119299888611s
BG: chr4_JH584294_random, 62541, +
BBBBBB: 0.00708508491516s
sampled background overlapped with positive examples
BG: chr5_JH584299_random, 448693, +
BBBBBB: 0.008131980896s
BG: chr17, 37207845, +
BBBBBB: 0.0307490825653s
5121778
PT: chr4, 147398542, -
PPPPPP: 0.0305681228638s
5121778
PT: chr15, 20019291, +
PPPPPP: 0.0163769721985s
5121778
PT: chr6, 99042785, -
PPPPPP: 0.0157799720764s
5121778
PT: chr6, 99002602, -
PPPPPP: 0.0307650566101s
sampled background overlapped with positive examples
BG: chrUn_GL456394, 11528, -
BBBBBB: 0.00520992279053s
BG: chrX_GL456233_random, 63226, -
BBBBBB: 0.0296049118042s
BG: chr14, 57189570, +
BBBBBB: 0.0323121547699s
5121778
PT: chr6, 43577942, +
PPPPPP: 0.0178411006927s
5121778
PT: chr5, 4031026, -
PPPPPP: 0.0228009223938s
5121778
PT: chr7, 16099490, +
PPPPPP: 0.0183820724487s
5121778
PT: chr14, 7927177, -
PPPPPP: 0.019150018692s
((16, 59520),)
(16L, 960L, 62L)
(16L, 59520L)
5121778
PT: chr6, 115673229, -
PPPPPP: 0.0320010185242s
5121778
PT: chr2, 130086452, +
PPPPPP: 0.0329921245575s
5121778
PT: chr15, 100073161, +
PPPPPP: 0.0261700153351s
5121778
PT: chr7, 130320080, -
PPPPPP: 0.0242788791656s
BG: chr4_JH584292_random, 7889, -
BBBBBB: 0.00471687316895s
5121778
PT: chr7, 24316692, -
PPPPPP: 0.020378112793s
BG: chr5_GL456354_random, 75845, -
BBBBBB: 0.00413584709167s
BG: chr4_JH584294_random, 144836, -
BBBBBB: 0.00403499603271s
BG: chr1_GL456210_random, 19567, -
BBBBBB: 0.00408291816711s
BG: chr19, 47200803, -
BBBBBB: 0.0206260681152s
5121778
PT: chr12, 110979445, +
PPPPPP: 0.028568983078s
5121778
PT: chr7, 47086494, -
PPPPPP: 0.0163478851318s
5121778
PT: chr17, 34248331, -
PPPPPP: 0.0352039337158s
5121778
PT: chr12, 84621367, -
PPPPPP: 0.0244679450989s
BG: chrUn_GL456390, 22803, +
BBBBBB: 0.00749802589417s
BG: chrUn_GL456370, 7571, +
BBBBBB: 0.00748491287231s
((16, 59520),)
(16L, 960L, 62L)
(16L, 59520L)
BG: chrUn_GL456379, 12592, -
BBBBBB: 0.00430703163147s
sampled background overlapped with positive examples
sampled background overlapped with positive examples
sampled background overlapped with positive examples
BG: chrY_JH584301_random, 161786, +
BBBBBB: 0.0136449337006s
5121778
PT: chrX, 99153625, -
PPPPPP: 0.0289568901062s
sampled background overlapped with positive examples
sampled background overlapped with positive examples
BG: chr4_JH584292_random, 1024, +
BBBBBB: 0.0084810256958s
sampled background overlapped with positive examples
BG: chrUn_GL456368, 13725, -
BBBBBB: 0.00519704818726s
5121778
PT: chr15, 36811816, -
PPPPPP: 0.0202620029449s
BG: chr5_JH584299_random, 58300, -
BBBBBB: 0.00426387786865s
5121778
PT: chr16, 34337006, +
PPPPPP: 0.0257091522217s
5121778
PT: chr7, 138858157, -
PPPPPP: 0.0299799442291s
5121778
PT: chr15, 76974038, +
PPPPPP: 0.020898103714s
5121778
PT: chr1, 75812400, -
PPPPPP: 0.0133910179138s
5121778
PT: chr3, 119307432, +
PPPPPP: 0.0235230922699s
BG: chr5_JH584297_random, 201422, -
BBBBBB: 0.0042040348053s
BG: chr1, 176913051, +
BBBBBB: 0.0199899673462s
BG: chrUn_GL456394, 16130, -
BBBBBB: 0.00461006164551s
5121778
PT: chr1, 99550824, -
PPPPPP: 0.0166170597076s
((16, 59520),)
(16L, 960L, 62L)
(16L, 59520L)
BG: chrX, 113935691, -
BBBBBB: 0.028126001358s
5121778
PT: chr11, 115820522, +
PPPPPP: 0.0270090103149s
sampled background overlapped with positive examples
BG: chr5_JH584298_random, 149268, +
BBBBBB: 0.00818800926208s
5121778
PT: chr5, 110384815, -
PPPPPP: 0.0249879360199s
5121778
PT: chr17, 47923091, -
PPPPPP: 0.0203680992126s
BG: chr18, 59558806, +
BBBBBB: 0.0181920528412s
5121778
PT: chr19, 55882220, -
PPPPPP: 0.0549597740173s
5121778
PT: chr5, 86563624, -
PPPPPP: 0.0125000476837s
5121778
PT: chr11, 79562077, +
PPPPPP: 0.0151569843292s
BG: chr4_JH584294_random, 111969, +
BBBBBB: 0.00715899467468s
5121778
PT: chr7, 101982894, -
PPPPPP: 0.0184900760651s
BG: chrUn_GL456383, 26602, +
BBBBBB: 0.0074770450592s
BG: chrUn_GL456368, 1732, +
BBBBBB: 0.00749397277832s
5121778
PT: chr4, 100615958, +
PPPPPP: 0.0279588699341s
5121778
PT: chr13, 65243614, +
PPPPPP: 0.0358500480652s
BG: chrY_JH584300_random, 110429, -
BBBBBB: 0.00429701805115s
((16, 59520),)
(16L, 960L, 62L)
(16L, 59520L)
BG: chr5_JH584297_random, 128503, -
BBBBBB: 0.00418400764465s
5121778
PT: chr5, 120358441, -
PPPPPP: 0.0257070064545s
5121778
PT: chr4, 142052769, +
PPPPPP: 0.0245161056519s
5121778
PT: chr6, 54770501, -
PPPPPP: 0.043744802475s
5121778
PT: chrX, 152036539, +
PPPPPP: 0.0419268608093s
5121778
PT: chr4, 120716300, +
PPPPPP: 0.0262980461121s
5121778
PT: chr4, 128803495, +
PPPPPP: 0.0235419273376s
5121778
PT: chr10, 39251896, +
PPPPPP: 0.0264670848846s
5121778
PT: chr2, 156725675, -
PPPPPP: 0.0385210514069s
BG: chr4_JH584293_random, 154899, -
BBBBBB: 0.00424194335938s
5121778
PT: chr7, 23409089, +
PPPPPP: 0.0479040145874s
BG: chrUn_GL456385, 10654, -
BBBBBB: 0.00459814071655s
BG: chr5_JH584299_random, 884797, -
BBBBBB: 0.0334179401398s
5121778
PT: chr19, 12475008, -
PPPPPP: 0.0234889984131s
5121778
PT: chr2, 103669619, -
PPPPPP: 0.0226860046387s
BG: chrUn_GL456379, 70621, -
BBBBBB: 0.00419998168945s
((16, 59520),)
(16L, 960L, 62L)
(16L, 59520L)
5121778
PT: chr5, 122109455, -
PPPPPP: 0.0197269916534s
BG: chr12, 78178114, +
BBBBBB: 0.0301401615143s
BG: chrUn_GL456372, 10391, -
BBBBBB: 0.00469207763672s
5121778
PT: chr10, 54830177, -
PPPPPP: 0.0153260231018s
BG: chr1_GL456213_random, 27788, -
BBBBBB: 0.00434684753418s
sampled background overlapped with positive examples
BG: chrUn_GL456360, 14382, +
BBBBBB: 0.0140020847321s
5121778
PT: chr1, 107325056, +
PPPPPP: 0.0242810249329s
BG: chr6, 77128686, -
BBBBBB: 0.0114169120789s
5121778
PT: chr5, 137289663, -
PPPPPP: 0.0302031040192s
BG: chrUn_GL456390, 17343, -
BBBBBB: 0.00471806526184s
BG: chrUn_GL456360, 20722, +
BBBBBB: 0.00760698318481s
5121778
PT: chr14, 114808239, +
PPPPPP: 0.0180249214172s
sampled background overlapped with positive examples
BG: chr1_GL456221_random, 93632, +
BBBBBB: 0.00808310508728s
5121778
PT: chr14, 27497589, +
PPPPPP: 0.0313420295715s
sampled background overlapped with positive examples
BG: chrUn_GL456385, 6946, -
BBBBBB: 0.00520801544189s
5121778
PT: chr1, 90172116, -
PPPPPP: 0.0235731601715s
((16, 59520),)
(16L, 960L, 62L)
(16L, 59520L)
5121778
PT: chr5, 37902387, +
PPPPPP: 0.0368988513947s
sampled background overlapped with positive examples
sampled background overlapped with positive examples
BG: chrUn_GL456370, 24225, +
BBBBBB: 0.0209798812866s
BG: chr1_GL456211_random, 138520, -
BBBBBB: 0.00466799736023s
5121778
PT: chr6, 52208462, -
PPPPPP: 0.0157709121704s
5121778
PT: chr10, 34009929, -
PPPPPP: 0.0156290531158s
sampled background overlapped with positive examples
BG: chr5_JH584298_random, 45814, +
BBBBBB: 0.00802898406982s
5121778
PT: chr4, 132495285, +
PPPPPP: 0.0155358314514s
sampled background overlapped with positive examples
sampled background overlapped with positive examples
BG: chr19, 59634204, -
BBBBBB: 0.0185420513153s
5121778
PT: chr7, 127233504, -
PPPPPP: 0.00830507278442s
BG: chr5_GL456354_random, 34739, +
BBBBBB: 0.00711894035339s
5121778
PT: chr2, 157566471, +
PPPPPP: 0.0217251777649s
BG: chr12, 36777737, -
BBBBBB: 0.0177619457245s
BG: chr1_GL456213_random, 19358, -
BBBBBB: 0.00418400764465s
5121778
PT: chrX, 141170756, -
PPPPPP: 0.0183410644531s
5121778
PT: chr1, 87421057, +
PPPPPP: 0.0347740650177s
5121778
PT: chr10, 83114136, +
PPPPPP: 0.0166862010956s
((16, 59520),)
(16L, 960L, 62L)
(16L, 59520L)
sampled background overlapped with positive examples
sampled background overlapped with positive examples
sampled background overlapped with positive examples
BG: chr11, 9394311, +
BBBBBB: 0.0255658626556s
5121778
PT: chr18, 38372371, +
PPPPPP: 0.0142929553986s
5121778
PT: chr2, 73932349, +
PPPPPP: 0.0376570224762s
5121778
PT: chr10, 121455254, +
PPPPPP: 0.0255370140076s
5121778
PT: chr1, 135147972, +
PPPPPP: 0.0133380889893s
5121778
PT: chr2, 20882294, +
PPPPPP: 0.0582530498505s
BG: chrUn_GL456359, 1679, +
BBBBBB: 0.00747489929199s
5121778
PT: chr13, 59512215, -
PPPPPP: 0.0169689655304s
sampled background overlapped with positive examples
BG: chrUn_GL456379, 7227, -
BBBBBB: 0.0132749080658s
5121778
PT: chr4, 102502366, -
PPPPPP: 0.0230550765991s
BG: chr1_GL456213_random, 33565, -
BBBBBB: 0.00424289703369s
sampled background overlapped with positive examples
BG: chr12, 7419783, -
BBBBBB: 0.0122289657593s
5121778
PT: chr1, 105115723, +
PPPPPP: 0.018513917923s
BG: chr14, 111479398, +
BBBBBB: 0.0236530303955s
5121778
PT: chr1, 180387043, +
PPPPPP: 0.0339231491089s
5121778
PT: chr2, 92390001, -
PPPPPP: 0.0187950134277s
((16, 59520),)
(16L, 960L, 62L)
(16L, 59520L)
627353
PT: chr8, 78991521, -
PPPPPP: 0.0188949108124s
627353
PT: chr9, 13983482, -
PPPPPP: 0.0207672119141s
BG: chr7, 37449118, -
BBBBBB: 0.0299019813538s
sampled background overlapped with positive examples
BG: chrY_JH584300_random, 93382, -
BBBBBB: 0.0169250965118s
627353
PT: chr9, 75666646, -
PPPPPP: 0.0185518264771s
BG: chr5_JH584297_random, 89442, +
BBBBBB: 0.00701594352722s
627353
PT: chr8, 93665684, -
PPPPPP: 0.0157158374786s
BG: chrUn_GL456382, 5248, -
BBBBBB: 0.00419902801514s
627353
PT: chr8, 95142941, -
PPPPPP: 0.0241980552673s
BG: chrUn_GL456366, 39009, +
BBBBBB: 0.0075569152832s
627353
PT: chr8, 60482778, +
PPPPPP: 0.0198638439178s
BG: chrUn_GL456379, 55411, -
BBBBBB: 0.00458812713623s
BG: chr1_GL456211_random, 102537, +
BBBBBB: 0.00748705863953s
627353
PT: chr9, 58210705, +
PPPPPP: 0.0243690013885s
627353
PT: chr8, 25681429, +
PPPPPP: 0.0193388462067s
627353
PT: chr8, 71677594, +
PPPPPP: 0.0180509090424s
((16, 59520),)
(16L, 960L, 62L)
(16L, 59520L)
627353
PT: chr9, 40776340, -
PPPPPP: 0.0311269760132s
627353
PT: chr9, 44501497, +
PPPPPP: 0.0108790397644s
BG: chrUn_GL456360, 2225, -
BBBBBB: 0.0046501159668s
BG: chr5, 23142342, +
BBBBBB: 0.0282690525055s
BG: chrM, 10342, -
BBBBBB: 0.00468492507935s
BG: chr2, 55805982, +
BBBBBB: 0.0578029155731s
627353
PT: chr9, 72369032, +
PPPPPP: 0.0320310592651s
sampled background overlapped with positive examples
sampled background overlapped with positive examples
BG: chr1, 45768696, -
BBBBBB: 0.0257210731506s
sampled background overlapped with positive examples
BG: chr1_GL456211_random, 223706, -
BBBBBB: 0.00478005409241s
627353
PT: chr8, 94433054, +
PPPPPP: 0.0274322032928s
627353
PT: chr8, 109472847, +
PPPPPP: 0.0221438407898s
627353
PT: chr9, 49520756, +
PPPPPP: 0.0358757972717s
sampled background overlapped with positive examples
BG: chrY, 13148351, +
BBBBBB: 0.0431289672852s
BG: chr4, 87361212, +
BBBBBB: 0.0249691009521s
BG: chr1, 166579315, -
BBBBBB: 0.0348269939423s
BG: chr1, 149706244, -
BBBBBB: 0.202681064606s
((16, 59520),)
(16L, 960L, 62L)
(16L, 59520L)
627353
PT: chr8, 125845384, -
PPPPPP: 0.0223679542542s
627353
PT: chr8, 72379345, -
PPPPPP: 0.015025138855s
BG: chrUn_GL456372, 15254, +
BBBBBB: 0.00750207901001s
627353
PT: chr9, 60841581, +
PPPPPP: 0.0171711444855s
627353
PT: chr8, 98585992, -
PPPPPP: 0.00782799720764s
BG: chrY_JH584301_random, 236050, -
BBBBBB: 0.00413203239441s
627353
PT: chr9, 40575183, +
PPPPPP: 0.0263061523438s
sampled background overlapped with positive examples
sampled background overlapped with positive examples
BG: chrUn_GL456370, 7660, -
BBBBBB: 0.0204510688782s
627353
PT: chr8, 90872228, +
PPPPPP: 0.0217409133911s
sampled background overlapped with positive examples
BG: chr4, 2780652, +
BBBBBB: 0.0159192085266s
627353
PT: chr8, 84726275, +
PPPPPP: 0.0285258293152s
BG: chr4_GL456350_random, 196612, +
BBBBBB: 0.0070321559906s
BG: chrUn_GL456366, 8710, -
BBBBBB: 0.00464296340942s
627353
PT: chr9, 43737728, +
PPPPPP: 0.0190508365631s
sampled background overlapped with positive examples
BG: chr1_GL456212_random, 147078, +
BBBBBB: 0.014986038208s
sampled background overlapped with positive examples
BG: chrUn_GL456360, 3326, +
BBBBBB: 0.00921201705933s
((16, 59520),)
(16L, 960L, 62L)
(16L, 59520L)
627353
PT: chr8, 116893750, -
PPPPPP: 0.0290458202362s
sampled background overlapped with positive examples
sampled background overlapped with positive examples
BG: chr4_GL456350_random, 128252, +
BBBBBB: 0.0275621414185s
BG: chr11, 2341782, +
BBBBBB: 0.0358130931854s
627353
PT: chr8, 93979988, +
PPPPPP: 0.0121028423309s
BG: chrY_JH584302_random, 6887, +
BBBBBB: 0.00717496871948s
BG: chr3, 154543854, +
BBBBBB: 0.0276970863342s
BG: chrUn_JH584304, 104218, -
BBBBBB: 0.00483679771423s
sampled background overlapped with positive examples
BG: chrUn_GL456378, 24522, -
BBBBBB: 0.00843977928162s
BG: chr11, 26552001, +
BBBBBB: 0.0470740795135s
627353
PT: chr9, 103535349, -
PPPPPP: 0.0127041339874s
BG: chrUn_GL456379, 71827, +
BBBBBB: 0.00716996192932s
BG: chrUn_GL456378, 7160, +
BBBBBB: 0.00756001472473s
BG: chr5_GL456354_random, 70325, +
BBBBBB: 0.00704479217529s
BG: chrUn_GL456370, 11853, +
BBBBBB: 0.0075957775116s
BG: chr5_GL456354_random, 172031, -
BBBBBB: 0.00426197052002s
sampled background overlapped with positive examples
sampled background overlapped with positive examples
BG: chrX, 38902445, -
BBBBBB: 0.0277178287506s
((16, 59520),)
(16L, 960L, 62L)
(16L, 59520L)
627353
PT: chr8, 84997101, -
PPPPPP: 0.0233149528503s
627353
PT: chr9, 111149101, -
PPPPPP: 0.0210740566254s
627353
PT: chr8, 84224066, -
PPPPPP: 0.0226299762726s
BG: chr19, 36270485, -
BBBBBB: 0.0221509933472s
627353
PT: chr8, 15132851, -
PPPPPP: 0.0325450897217s
BG: chrUn_GL456378, 11431, -
BBBBBB: 0.00469303131104s
627353
PT: chr8, 105194717, +
PPPPPP: 0.0248889923096s
627353
PT: chr9, 32724640, -
PPPPPP: 0.0113840103149s
627353
PT: chr9, 74925517, +
PPPPPP: 0.0415539741516s
627353
PT: chr9, 45472906, +
PPPPPP: 0.00969195365906s
627353
PT: chr8, 15455208, -
PPPPPP: 0.0230710506439s
627353
PT: chr9, 107401362, +
PPPPPP: 0.00956797599792s
627353
PT: chr9, 56425310, +
PPPPPP: 0.0310699939728s
BG: chrUn_GL456390, 11645, +
BBBBBB: 0.007483959198s
627353
PT: chr9, 14634983, +
PPPPPP: 0.0259580612183s
627353
PT: chr9, 58571022, -
PPPPPP: 0.0234038829803s
((16, 59520),)
(16L, 960L, 62L)
(16L, 59520L)
Train loss: 0.335554370284, Test loss: 0.0546685010195. Time: 6.10022497177 s.
5121778
PT: chr2, 106838001, -
PPPPPP: 0.0312910079956s
5121778
PT: chr1, 91953688, +
PPPPPP: 0.0413038730621s
BG: chrY_JH584303_random, 10702, -
BBBBBB: 0.00369000434875s
BG: chrUn_GL456385, 2209, +
BBBBBB: 0.00636601448059s
BG: chr10, 110393175, -
BBBBBB: 0.0213298797607s
BG: chrUn_GL456368, 17118, +
BBBBBB: 0.00645303726196s
5121778
PT: chr1, 36298217, +
PPPPPP: 0.0258719921112s
5121778
PT: chr17, 48512682, -
PPPPPP: 0.0223858356476s
5121778
PT: chr13, 95618767, -
PPPPPP: 0.0187408924103s
BG: chr1_GL456211_random, 106319, -
BBBBBB: 0.00304818153381s
BG: chr5_GL456354_random, 92280, +
BBBBBB: 0.00449204444885s
5121778
PT: chr7, 44953100, +
PPPPPP: 0.0198459625244s
BG: chr14, 39678279, +
BBBBBB: 0.0194659233093s
BG: chr6, 123362608, +
BBBBBB: 0.0305321216583s
5121778
PT: chr1, 133891674, +
PPPPPP: 0.0195000171661s
BG: chr19, 39657880, -
BBBBBB: 0.0283799171448s
((16, 59520),)
(16L, 960L, 62L)
(16L, 59520L)
5121778
PT: chr11, 118610532, +
PPPPPP: 0.0141699314117s
BG: chr7, 54295693, -
BBBBBB: 0.0199391841888s
5121778
PT: chr4, 72205808, -
PPPPPP: 0.0149841308594s
BG: chr4_JH584292_random, 5339, +
BBBBBB: 0.00741505622864s
BG: chrUn_GL456368, 13669, +
BBBBBB: 0.00752902030945s
BG: chrM, 7552, +
BBBBBB: 0.00756096839905s
5121778
PT: chr6, 120172831, -
PPPPPP: 0.143826961517s
BG: chr19, 12438190, +
BBBBBB: 0.03244805336s
BG: chr5_GL456354_random, 175007, -
BBBBBB: 0.00424695014954s
BG: chr3, 19823772, -
BBBBBB: 0.0155901908875s
5121778
PT: chr4, 57230547, -
PPPPPP: 0.0191669464111s
BG: chr9, 66739990, +
BBBBBB: 0.035059928894s
sampled background overlapped with positive examples
BG: chr1_GL456221_random, 201169, -
BBBBBB: 0.00632286071777s
BG: chr3, 114743473, -
BBBBBB: 0.0166161060333s
5121778
PT: chr11, 102431534, -
PPPPPP: 0.0243029594421s
BG: chr5_JH584298_random, 154835, +
BBBBBB: 0.00708794593811s
((16, 59520),)
(16L, 960L, 62L)
(16L, 59520L)
5121778
PT: chr2, 118614150, -
PPPPPP: 0.0119230747223s
5121778
PT: chr13, 106282715, -
PPPPPP: 0.03169298172s
sampled background overlapped with positive examples
BG: chrY_JH584302_random, 112991, +
BBBBBB: 0.00760698318481s
5121778
PT: chr1, 156710976, -
PPPPPP: 0.0230031013489s
BG: chrUn_GL456378, 25728, +
BBBBBB: 0.0074610710144s
BG: chr4_GL456216_random, 7226, +
BBBBBB: 0.00755405426025s
5121778
PT: chr3, 71843496, -
PPPPPP: 0.0231478214264s
sampled background overlapped with positive examples
BG: chr5_GL456354_random, 60925, -
BBBBBB: 0.00481200218201s
5121778
PT: chr12, 10958263, -
PPPPPP: 0.0144760608673s
BG: chr4_GL456350_random, 104937, -
BBBBBB: 0.00426602363586s
BG: chrY_JH584302_random, 133962, -
BBBBBB: 0.00414514541626s
BG: chr4_GL456350_random, 153804, -
BBBBBB: 0.00410914421082s
5121778
PT: chr1, 182275381, -
PPPPPP: 0.0323967933655s
5121778
PT: chr5, 115161549, +
PPPPPP: 0.025680065155s
BG: chr3, 91686665, +
BBBBBB: 0.0210039615631s
sampled background overlapped with positive examples
sampled background overlapped with positive examples
BG: chr3, 63754424, -
BBBBBB: 0.0152790546417s
((16, 59520),)
(16L, 960L, 62L)
(16L, 59520L)
BG: chrUn_GL456379, 52414, +
BBBBBB: 0.00746202468872s
sampled background overlapped with positive examples
BG: chr1, 191515070, -
BBBBBB: 0.020779132843s
BG: chr4_JH584293_random, 17397, -
BBBBBB: 0.0041720867157s
BG: chrUn_GL456368, 11028, +
BBBBBB: 0.00744891166687s
BG: chrUn_GL456370, 7676, +
BBBBBB: 0.00739598274231s
5121778
PT: chr1, 45416847, +
PPPPPP: 0.0198609828949s
5121778
PT: chr16, 30772430, +
PPPPPP: 0.0165531635284s
BG: chrUn_GL456390, 7761, -
BBBBBB: 0.00467491149902s
BG: chr1_GL456212_random, 2228, +
BBBBBB: 0.00702595710754s
5121778
PT: chr18, 20778550, +
PPPPPP: 0.0269927978516s
sampled background overlapped with positive examples
BG: chrUn_GL456390, 3597, +
BBBBBB: 0.00814294815063s
BG: chr1_GL456221_random, 47241, +
BBBBBB: 0.00694894790649s
BG: chrUn_GL456372, 24158, -
BBBBBB: 0.0040590763092s
5121778
PT: chr10, 43666896, +
PPPPPP: 0.0275220870972s
5121778
PT: chr5, 137783598, +
PPPPPP: 0.0191171169281s
5121778
PT: chr2, 30653434, +
PPPPPP: 0.0240612030029s
((16, 59520),)
(16L, 960L, 62L)
(16L, 59520L)
BG: chrUn_GL456396, 17083, -
BBBBBB: 0.00469207763672s
BG: chrY_JH584301_random, 185222, -
BBBBBB: 0.00415921211243s
5121778
PT: chr1, 138715533, +
PPPPPP: 0.0283229351044s
5121778
PT: chr7, 132597652, +
PPPPPP: 0.0290541648865s
BG: chr1_GL456213_random, 14659, +
BBBBBB: 0.00692701339722s
BG: chr4_JH584293_random, 58383, +
BBBBBB: 0.00695300102234s
BG: chrM, 15556, +
BBBBBB: 0.00739312171936s
sampled background overlapped with positive examples
BG: chrUn_GL456382, 9414, +
BBBBBB: 0.00830292701721s
5121778
PT: chr18, 37008688, -
PPPPPP: 0.0239279270172s
sampled background overlapped with positive examples
BG: chr18, 61598669, +
BBBBBB: 0.0269198417664s
BG: chrUn_GL456359, 6582, -
BBBBBB: 0.00453400611877s
sampled background overlapped with positive examples
BG: chr5_JH584297_random, 133456, -
BBBBBB: 0.00457501411438s
BG: chr1_GL456210_random, 149454, -
BBBBBB: 0.00407290458679s
5121778
PT: chr11, 98725544, -
PPPPPP: 0.0198431015015s
BG: chrUn_GL456379, 70239, +
BBBBBB: 0.00699710845947s
BG: chr19, 6800942, +
BBBBBB: 0.0148119926453s
((16, 59520),)
(16L, 960L, 62L)
(16L, 59520L)
sampled background overlapped with positive examples
BG: chr3, 6040489, +
BBBBBB: 0.0256140232086s
5121778
PT: chr7, 16396066, -
PPPPPP: 0.0181751251221s
5121778
PT: chr1, 74806647, +
PPPPPP: 0.0155129432678s
BG: chr4_JH584293_random, 64371, -
BBBBBB: 0.00425004959106s
5121778
PT: chr2, 5050706, -
PPPPPP: 0.0219969749451s
5121778
PT: chr19, 46454075, -
PPPPPP: 0.0211710929871s
BG: chr1_GL456213_random, 33064, +
BBBBBB: 0.00710511207581s
BG: chr4_JH584294_random, 1300, +
BBBBBB: 0.00768804550171s
sampled background overlapped with positive examples
BG: chrUn_GL456390, 17059, -
BBBBBB: 0.00512599945068s
BG: chr17, 61396675, +
BBBBBB: 0.0209729671478s
5121778
PT: chr5, 149020697, -
PPPPPP: 0.0305709838867s
5121778
PT: chr10, 76492855, -
PPPPPP: 0.021201133728s
BG: chr4_JH584294_random, 102889, -
BBBBBB: 0.00422286987305s
BG: chrUn_GL456359, 2961, -
BBBBBB: 0.00463604927063s
sampled background overlapped with positive examples
BG: chrY_JH584303_random, 28570, -
BBBBBB: 0.0046718120575s
5121778
PT: chr2, 26340997, +
PPPPPP: 0.0593500137329s
((16, 59520),)
(16L, 960L, 62L)
(16L, 59520L)
BG: chr4_GL456350_random, 92031, +
BBBBBB: 0.00706601142883s
sampled background overlapped with positive examples
BG: chrUn_JH584304, 37870, -
BBBBBB: 0.0052661895752s
5121778
PT: chr7, 107708415, -
PPPPPP: 0.0285458564758s
5121778
PT: chr7, 127165248, +
PPPPPP: 0.023365020752s
5121778
PT: chr3, 142883537, -
PPPPPP: 0.0285840034485s
5121778
PT: chr12, 69322337, -
PPPPPP: 0.0204360485077s
BG: chr3, 141370885, +
BBBBBB: 0.0122649669647s
5121778
PT: chr11, 60190692, +
PPPPPP: 0.0216820240021s
BG: chr2, 21440462, -
BBBBBB: 0.0140450000763s
5121778
PT: chr7, 30265187, -
PPPPPP: 0.0235919952393s
BG: chrY_JH584300_random, 78272, +
BBBBBB: 0.00696897506714s
BG: chr5_JH584296_random, 82705, -
BBBBBB: 0.00421094894409s
5121778
PT: chr3, 116514634, -
PPPPPP: 0.0240340232849s
BG: chr2, 140011660, +
BBBBBB: 0.0220301151276s
sampled background overlapped with positive examples
BG: chrX_GL456233_random, 119003, -
BBBBBB: 0.0148410797119s
BG: chrUn_GL456359, 17485, -
BBBBBB: 0.00463390350342s
((16, 59520),)
(16L, 960L, 62L)
(16L, 59520L)
5121778
PT: chr2, 154544828, +
PPPPPP: 0.0249209403992s
sampled background overlapped with positive examples
BG: chr1_GL456213_random, 19739, -
BBBBBB: 0.00466299057007s
5121778
PT: chr13, 20581400, -
PPPPPP: 0.0228300094604s
5121778
PT: chr2, 76472580, +
PPPPPP: 0.0279350280762s
5121778
PT: chr7, 142427512, +
PPPPPP: 0.0284440517426s
BG: chr4_JH584293_random, 133466, +
BBBBBB: 0.00696301460266s
5121778
PT: chr15, 37062180, -
PPPPPP: 0.0190880298615s
sampled background overlapped with positive examples
BG: chr1_GL456212_random, 13918, -
BBBBBB: 0.00471186637878s
BG: chr4_GL456350_random, 176774, -
BBBBBB: 0.00409603118896s
BG: chr3, 24335476, -
BBBBBB: 0.0426261425018s
5121778
PT: chr1, 159042141, +
PPPPPP: 0.0338618755341s
5121778
PT: chr14, 70515422, +
PPPPPP: 0.0236301422119s
sampled background overlapped with positive examples
BG: chrUn_GL456382, 7917, -
BBBBBB: 0.00964903831482s
5121778
PT: chr2, 4409990, -
PPPPPP: 0.0171318054199s
BG: chr1_GL456210_random, 58123, +
BBBBBB: 0.00756788253784s
BG: chr3, 141300972, -
BBBBBB: 0.010586977005s
((16, 59520),)
(16L, 960L, 62L)
(16L, 59520L)
5121778
PT: chr6, 119353962, -
PPPPPP: 0.0242509841919s
5121778
PT: chr4, 136207507, +
PPPPPP: 0.0354812145233s
5121778
PT: chr3, 84189425, -
PPPPPP: 0.0202629566193s
BG: chrUn_GL456379, 48287, -
BBBBBB: 0.00408315658569s
sampled background overlapped with positive examples
sampled background overlapped with positive examples
BG: chr1_GL456213_random, 26988, +
BBBBBB: 0.0118358135223s
5121778
PT: chr2, 180274373, -
PPPPPP: 0.0182859897614s
5121778
PT: chr13, 6622720, -
PPPPPP: 0.025820016861s
BG: chr14, 88166440, +
BBBBBB: 0.0308690071106s
5121778
PT: chr4, 117252596, -
PPPPPP: 0.0217008590698s
5121778
PT: chr2, 156393407, +
PPPPPP: 0.00954699516296s
BG: chr5_JH584299_random, 93999, -
BBBBBB: 0.00423192977905s
BG: chrM, 10488, +
BBBBBB: 0.00756216049194s
5121778
PT: chr18, 46601838, -
PPPPPP: 0.0325379371643s
5121778
PT: chr2, 34802434, +
PPPPPP: 0.023983001709s
BG: chr4_GL456216_random, 11196, +
BBBBBB: 0.00751805305481s
5121778
PT: chr2, 143972993, +
PPPPPP: 0.0241711139679s
((16, 59520),)
(16L, 960L, 62L)
(16L, 59520L)
5121778
PT: chr7, 143151936, +
PPPPPP: 0.0245699882507s
5121778
PT: chr6, 108521354, +
PPPPPP: 0.0151360034943s
5121778
PT: chr2, 61782235, +
PPPPPP: 0.0185000896454s
5121778
PT: chr14, 50837846, -
PPPPPP: 0.0359530448914s
sampled background overlapped with positive examples
sampled background overlapped with positive examples
BG: chrUn_GL456378, 29036, -
BBBBBB: 0.00563311576843s
BG: chrUn_JH584304, 61945, -
BBBBBB: 0.00461292266846s
BG: chr1_GL456211_random, 234757, -
BBBBBB: 0.00406002998352s
5121778
PT: chr1, 166429689, +
PPPPPP: 0.0233299732208s
sampled background overlapped with positive examples
BG: chr13, 17588865, +
BBBBBB: 0.0138049125671s
5121778
PT: chr6, 72614913, +
PPPPPP: 0.0238718986511s
5121778
PT: chr11, 87246857, +
PPPPPP: 0.0094211101532s
BG: chrY_JH584303_random, 124698, -
BBBBBB: 0.00418186187744s
sampled background overlapped with positive examples
BG: chr18, 87401432, +
BBBBBB: 0.0328080654144s
BG: chr4_JH584294_random, 153545, -
BBBBBB: 0.00419998168945s
5121778
PT: chr12, 44042913, -
PPPPPP: 0.0169780254364s
5121778
PT: chr11, 31048527, +
PPPPPP: 0.0161201953888s
((16, 59520),)
(16L, 960L, 62L)
(16L, 59520L)
BG: chr10, 99840153, +
BBBBBB: 0.0181670188904s
627353
PT: chr9, 118926773, +
PPPPPP: 0.0204968452454s
BG: chr4_GL456216_random, 46314, -
BBBBBB: 0.00483012199402s
BG: chrUn_GL456382, 3863, +
BBBBBB: 0.00705409049988s
BG: chrUn_GL456370, 6194, -
BBBBBB: 0.00473308563232s
627353
PT: chr9, 28395366, -
PPPPPP: 0.0135879516602s
627353
PT: chr8, 3500950, -
PPPPPP: 0.0246119499207s
627353
PT: chr9, 14380786, +
PPPPPP: 0.0206680297852s
627353
PT: chr8, 24303895, +
PPPPPP: 0.0174689292908s
BG: chrUn_GL456390, 8294, +
BBBBBB: 0.00765800476074s
BG: chrUn_GL456394, 12512, -
BBBBBB: 0.00471305847168s
627353
PT: chr9, 13697292, +
PPPPPP: 0.0172121524811s
627353
PT: chr9, 19608974, -
PPPPPP: 0.0202660560608s
BG: chr18, 81965851, +
BBBBBB: 0.0195109844208s
BG: chrUn_GL456382, 3263, +
BBBBBB: 0.00712203979492s
627353
PT: chr8, 35383801, +
PPPPPP: 0.0297758579254s
((16, 59520),)
(16L, 960L, 62L)
(16L, 59520L)
BG: chrY_JH584300_random, 3110, -
BBBBBB: 0.0157520771027s
627353
PT: chr8, 71380800, +
PPPPPP: 0.0186738967896s
627353
PT: chr9, 122372705, +
PPPPPP: 0.0387380123138s
BG: chr4_JH584292_random, 4329, +
BBBBBB: 0.00760102272034s
sampled background overlapped with positive examples
BG: chrUn_GL456389, 17981, +
BBBBBB: 0.00807094573975s
BG: chr5_JH584299_random, 72983, +
BBBBBB: 0.00698685646057s
627353
PT: chr8, 36549619, -
PPPPPP: 0.0246000289917s
627353
PT: chr9, 99432645, -
PPPPPP: 0.016862154007s
627353
PT: chr9, 35105920, +
PPPPPP: 0.0268790721893s
BG: chr5, 31857752, -
BBBBBB: 0.0272719860077s
627353
PT: chr9, 13425551, +
PPPPPP: 0.049427986145s
627353
PT: chr9, 87198977, -
PPPPPP: 0.0261218547821s
627353
PT: chr8, 22385002, -
PPPPPP: 0.0296669006348s
BG: chrUn_GL456367, 20212, -
BBBBBB: 0.00476217269897s
627353
PT: chr9, 59142882, -
PPPPPP: 0.00684094429016s
sampled background overlapped with positive examples
BG: chrUn_GL456370, 19000, -
BBBBBB: 0.00856494903564s
((16, 59520),)
(16L, 960L, 62L)
(16L, 59520L)
627353
PT: chr8, 3451888, +
PPPPPP: 0.0157930850983s
627353
PT: chr9, 65562410, +
PPPPPP: 0.0362241268158s
BG: chrUn_JH584304, 77880, -
BBBBBB: 0.00489902496338s
BG: chrY_JH584301_random, 251383, +
BBBBBB: 0.00708198547363s
BG: chrX_GL456233_random, 287698, +
BBBBBB: 0.00764107704163s
627353
PT: chr9, 121203524, -
PPPPPP: 0.0205028057098s
627353
PT: chr8, 44937774, +
PPPPPP: 0.0194170475006s
627353
PT: chr8, 93663006, -
PPPPPP: 0.00741600990295s
BG: chrUn_GL456382, 5037, -
BBBBBB: 0.0042679309845s
BG: chrUn_GL456389, 18261, +
BBBBBB: 0.00748014450073s
627353
PT: chr8, 61229941, +
PPPPPP: 0.0180971622467s
BG: chr5_JH584297_random, 41834, +
BBBBBB: 0.00712609291077s
BG: chrUn_GL456378, 7863, +
BBBBBB: 0.00746202468872s
627353
PT: chr8, 84815670, +
PPPPPP: 0.030061006546s
BG: chrUn_GL456368, 7391, -
BBBBBB: 0.00467491149902s
BG: chrY_JH584302_random, 145949, -
BBBBBB: 0.00419998168945s
((16, 59520),)
(16L, 960L, 62L)
(16L, 59520L)
BG: chrUn_GL456392, 7602, +
BBBBBB: 0.0075159072876s
627353
PT: chr8, 104237058, +
PPPPPP: 0.0259931087494s
627353
PT: chr8, 70634514, -
PPPPPP: 0.0811159610748s
627353
PT: chr8, 23070597, -
PPPPPP: 0.0118079185486s
627353
PT: chr9, 40539983, -
PPPPPP: 0.0326240062714s
BG: chr1_GL456212_random, 92395, +
BBBBBB: 0.00761985778809s
BG: chr2, 104253378, +
BBBBBB: 0.0165638923645s
627353
PT: chr9, 57089484, -
PPPPPP: 0.0331790447235s
627353
PT: chr9, 20507670, -
PPPPPP: 0.0285391807556s
sampled background overlapped with positive examples
BG: chr6, 74951828, +
BBBBBB: 0.00906491279602s
627353
PT: chr8, 11450757, -
PPPPPP: 0.0117909908295s
BG: chr19, 14140781, +
BBBBBB: 0.0394368171692s
BG: chr3, 55635027, -
BBBBBB: 0.016716003418s
627353
PT: chr8, 114718701, +
PPPPPP: 0.0285410881042s
BG: chrUn_GL456367, 39456, +
BBBBBB: 0.00708794593811s
627353
PT: chr8, 10989950, +
PPPPPP: 0.0135250091553s
((16, 59520),)
(16L, 960L, 62L)
(16L, 59520L)
BG: chrM, 8620, +
BBBBBB: 0.0074999332428s
BG: chr12, 37664041, -
BBBBBB: 0.012050151825s
627353
PT: chr9, 27128798, -
PPPPPP: 0.0172810554504s
sampled background overlapped with positive examples
BG: chr1_GL456212_random, 56009, +
BBBBBB: 0.00762987136841s
sampled background overlapped with positive examples
sampled background overlapped with positive examples
BG: chrUn_GL456385, 32826, -
BBBBBB: 0.00615096092224s
BG: chr1_GL456221_random, 190838, -
BBBBBB: 0.00422096252441s
sampled background overlapped with positive examples
BG: chr5_GL456354_random, 137005, +
BBBBBB: 0.00758004188538s
BG: chrUn_GL456389, 14058, +
BBBBBB: 0.00755500793457s
627353
PT: chr9, 110429968, -
PPPPPP: 0.00929093360901s
sampled background overlapped with positive examples
BG: chrUn_GL456382, 17460, -
BBBBBB: 0.0047390460968s
BG: chr2, 31093152, +
BBBBBB: 0.0250358581543s
627353
PT: chr9, 43225103, +
PPPPPP: 0.0126922130585s
BG: chr1_GL456210_random, 30810, -
BBBBBB: 0.00420188903809s
BG: chrUn_GL456372, 2709, +
BBBBBB: 0.00752282142639s
BG: chr13, 18111455, -
BBBBBB: 0.0211741924286s
627353
PT: chr9, 27292047, -
PPPPPP: 0.00751781463623s
((16, 59520),)
(16L, 960L, 62L)
(16L, 59520L)
Train loss: 0.103371428326, Test loss: 0.167627668381. Time: 5.32142901421 s.
BG: chrUn_GL456393, 34622, -
BBBBBB: 0.00343799591064s
5121778
PT: chr1, 90998372, -
PPPPPP: 0.0298991203308s
BG: chr5_JH584296_random, 135433, -
BBBBBB: 0.00275301933289s
5121778
PT: chr13, 47124707, -
PPPPPP: 0.0333368778229s
5121778
PT: chr13, 42823596, -
PPPPPP: 0.0240840911865s
5121778
PT: chr1, 61183473, -
PPPPPP: 0.02401304245s
sampled background overlapped with positive examples
BG: chrUn_GL456389, 20319, +
BBBBBB: 0.00544500350952s
BG: chrY_JH584301_random, 198486, -
BBBBBB: 0.00282311439514s
BG: chrX_GL456233_random, 164736, +
BBBBBB: 0.0050938129425s
sampled background overlapped with positive examples
BG: chr5, 543592, +
BBBBBB: 0.00810098648071s
BG: chr3, 28106093, -
BBBBBB: 0.00537490844727s
sampled background overlapped with positive examples
BG: chr5_JH584296_random, 155659, +
BBBBBB: 0.00509405136108s
5121778
PT: chr1, 166158457, -
PPPPPP: 0.028568983078s
5121778
PT: chr13, 94206714, +
PPPPPP: 0.0247509479523s
5121778
PT: chr5, 110734945, -
PPPPPP: 0.0169680118561s
5121778
PT: chr3, 97683712, +
PPPPPP: 0.0113368034363s
((16, 59520),)
(16L, 960L, 62L)
(16L, 59520L)
5121778
PT: chr5, 44937201, -
PPPPPP: 0.0213282108307s
5121778
PT: chr2, 172614104, -
PPPPPP: 0.025249004364s
BG: chrUn_GL456367, 31753, -
BBBBBB: 0.00310897827148s
sampled background overlapped with positive examples
sampled background overlapped with positive examples
BG: chrX_GL456233_random, 125956, -
BBBBBB: 0.00649785995483s
5121778
PT: chr12, 118389878, +
PPPPPP: 0.0205039978027s
5121778
PT: chr7, 80503922, -
PPPPPP: 0.0304901599884s
5121778
PT: chr11, 48849738, -
PPPPPP: 0.0270578861237s
5121778
PT: chr3, 22115504, +
PPPPPP: 0.0273089408875s
BG: chrUn_GL456379, 15162, +
BBBBBB: 0.00706696510315s
sampled background overlapped with positive examples
BG: chrY_JH584302_random, 28638, +
BBBBBB: 0.0118169784546s
BG: chrY, 751023, +
BBBBBB: 0.00744891166687s
BG: chr5_JH584298_random, 36715, +
BBBBBB: 0.00713610649109s
BG: chrUn_GL456381, 14427, +
BBBBBB: 0.00755000114441s
BG: chr4_JH584293_random, 789, +
BBBBBB: 0.00715398788452s
5121778
PT: chr15, 74516412, -
PPPPPP: 0.027489900589s
5121778
PT: chr13, 52620252, -
PPPPPP: 0.0287089347839s
((16, 59520),)
(16L, 960L, 62L)
(16L, 59520L)
5121778
PT: chr5, 100059226, -
PPPPPP: 0.0243411064148s
5121778
PT: chr13, 99503288, +
PPPPPP: 0.0388000011444s
5121778
PT: chr16, 44481040, -
PPPPPP: 0.0231781005859s
5121778
PT: chr4, 155238152, +
PPPPPP: 0.0175731182098s
5121778
PT: chr16, 44001227, +
PPPPPP: 0.0179240703583s
BG: chrUn_GL456366, 2188, -
BBBBBB: 0.00458383560181s
BG: chr5_GL456354_random, 48822, -
BBBBBB: 0.00414800643921s
5121778
PT: chr10, 106470731, +
PPPPPP: 0.0278580188751s
BG: chr15, 37668276, -
BBBBBB: 0.019476890564s
5121778
PT: chr2, 117499969, +
PPPPPP: 0.0272040367126s
5121778
PT: chrX, 112991241, -
PPPPPP: 0.0171458721161s
5121778
PT: chr16, 31861468, -
PPPPPP: 0.0304470062256s
5121778
PT: chr14, 118300000, +
PPPPPP: 0.021919965744s
BG: chr2, 85797579, +
BBBBBB: 0.0286209583282s
BG: chr5_JH584298_random, 95732, +
BBBBBB: 0.00701785087585s
BG: chrUn_GL456383, 33196, -
BBBBBB: 0.00463604927063s
((16, 59520),)
(16L, 960L, 62L)
(16L, 59520L)
BG: chr12, 32951073, +
BBBBBB: 0.0362460613251s
5121778
PT: chr7, 70796049, +
PPPPPP: 0.0267238616943s
5121778
PT: chr11, 84101598, -
PPPPPP: 0.0206780433655s
5121778
PT: chr7, 29267059, +
PPPPPP: 0.0236120223999s
BG: chr1, 48623502, -
BBBBBB: 0.0211651325226s
5121778
PT: chrX, 100357201, +
PPPPPP: 0.0295090675354s
5121778
PT: chr2, 69822500, -
PPPPPP: 0.0180308818817s
5121778
PT: chr1, 156387200, -
PPPPPP: 0.0260338783264s
5121778
PT: chr11, 60783161, -
PPPPPP: 0.0222969055176s
5121778
PT: chr2, 26547613, +
PPPPPP: 0.0167860984802s
sampled background overlapped with positive examples
BG: chr1, 44258062, -
BBBBBB: 0.0168519020081s
5121778
PT: chr3, 102671400, +
PPPPPP: 0.0293221473694s
5121778
PT: chr10, 34018963, +
PPPPPP: 0.00886201858521s
BG: chr1_GL456213_random, 29391, +
BBBBBB: 0.00710010528564s
5121778
PT: chr3, 157722387, +
PPPPPP: 0.0236349105835s
5121778
PT: chr17, 74994351, +
PPPPPP: 0.0277888774872s
((16, 59520),)
(16L, 960L, 62L)
(16L, 59520L)
sampled background overlapped with positive examples
BG: chr4_GL456216_random, 3959, -
BBBBBB: 0.00529098510742s
5121778
PT: chr2, 133429115, +
PPPPPP: 0.0368649959564s
sampled background overlapped with positive examples
BG: chrY, 6033666, -
BBBBBB: 0.0190289020538s
BG: chr4_JH584292_random, 8928, +
BBBBBB: 0.00758385658264s
BG: chr4_JH584294_random, 176416, +
BBBBBB: 0.00709891319275s
5121778
PT: chr17, 43243003, -
PPPPPP: 0.0122218132019s
sampled background overlapped with positive examples
sampled background overlapped with positive examples
BG: chrUn_GL456372, 19397, -
BBBBBB: 0.0176968574524s
BG: chrUn_GL456359, 14942, +
BBBBBB: 0.00750398635864s
5121778
PT: chr12, 21166828, +
PPPPPP: 0.023533821106s
BG: chrY_JH584300_random, 102670, +
BBBBBB: 0.00712418556213s
BG: chrUn_GL456359, 20613, -
BBBBBB: 0.00484609603882s
BG: chr4_GL456350_random, 128592, +
BBBBBB: 0.00706100463867s
5121778
PT: chr11, 109324694, +
PPPPPP: 0.0210800170898s
sampled background overlapped with positive examples
BG: chrY_JH584303_random, 32887, +
BBBBBB: 0.00746583938599s
BG: chr1_GL456212_random, 89394, -
BBBBBB: 0.00461292266846s
BG: chrX, 39091877, +
BBBBBB: 0.0188660621643s
((16, 59520),)
(16L, 960L, 62L)
(16L, 59520L)
5121778
PT: chr7, 4138873, -
PPPPPP: 0.0181849002838s
BG: chr5_JH584298_random, 34644, -
BBBBBB: 0.00425791740417s
sampled background overlapped with positive examples
sampled background overlapped with positive examples
sampled background overlapped with positive examples
sampled background overlapped with positive examples
BG: chr5, 76025598, -
BBBBBB: 0.0181119441986s
BG: chr6, 75289145, +
BBBBBB: 0.0169689655304s
5121778
PT: chr2, 150611938, +
PPPPPP: 0.0353128910065s
sampled background overlapped with positive examples
sampled background overlapped with positive examples
BG: chr5_JH584298_random, 36555, +
BBBBBB: 0.00812816619873s
BG: chrY_JH584300_random, 176509, +
BBBBBB: 0.00709891319275s
BG: chr5_JH584298_random, 82774, -
BBBBBB: 0.00423002243042s
BG: chr11, 77225479, -
BBBBBB: 0.016270160675s
BG: chr4_JH584293_random, 136124, +
BBBBBB: 0.00709986686707s
BG: chrY_JH584303_random, 15107, -
BBBBBB: 0.00420999526978s
BG: chr7, 33502575, +
BBBBBB: 0.0191860198975s
5121778
PT: chr18, 18746973, -
PPPPPP: 0.0151240825653s
5121778
PT: chr11, 83272983, -
PPPPPP: 0.0264639854431s
sampled background overlapped with positive examples
BG: chr1_GL456211_random, 84655, -
BBBBBB: 0.0153470039368s
BG: chr13, 110218875, +
BBBBBB: 0.027184009552s
((16, 59520),)
(16L, 960L, 62L)
(16L, 59520L)
5121778
PT: chr12, 41060449, +
PPPPPP: 0.0428779125214s
BG: chrY_JH584302_random, 130912, +
BBBBBB: 0.00706505775452s
BG: chrUn_GL456394, 521, +
BBBBBB: 0.00750207901001s
5121778
PT: chr13, 70652528, -
PPPPPP: 0.0252139568329s
5121778
PT: chr18, 61852534, +
PPPPPP: 0.0263068675995s
BG: chr9, 89823569, -
BBBBBB: 0.0235059261322s
5121778
PT: chr7, 120843043, -
PPPPPP: 0.0122010707855s
5121778
PT: chr3, 130899930, -
PPPPPP: 0.0263640880585s
BG: chr1_GL456213_random, 9923, -
BBBBBB: 0.00427412986755s
5121778
PT: chr17, 35184702, +
PPPPPP: 0.0263381004333s
BG: chr12, 65987805, +
BBBBBB: 0.0205111503601s
BG: chrUn_GL456396, 1158, -
BBBBBB: 0.0046980381012s
5121778
PT: chr7, 60243263, -
PPPPPP: 0.0163059234619s
5121778
PT: chr1, 59217467, +
PPPPPP: 0.0253109931946s
sampled background overlapped with positive examples
BG: chrY, 56552643, -
BBBBBB: 0.0185279846191s
BG: chrUn_GL456367, 28253, -
BBBBBB: 0.00476598739624s
((16, 59520),)
(16L, 960L, 62L)
(16L, 59520L)
5121778
PT: chr10, 31331008, -
PPPPPP: 0.00804495811462s
5121778
PT: chr3, 127780399, -
PPPPPP: 0.0539121627808s
sampled background overlapped with positive examples
sampled background overlapped with positive examples
sampled background overlapped with positive examples
BG: chrUn_GL456360, 2226, +
BBBBBB: 0.0175111293793s
5121778
PT: chr3, 55248511, -
PPPPPP: 0.0209350585938s
sampled background overlapped with positive examples
BG: chr4_JH584294_random, 80879, +
BBBBBB: 0.00873303413391s
5121778
PT: chr10, 4849864, +
PPPPPP: 0.0242102146149s
5121778
PT: chr2, 132385365, -
PPPPPP: 0.0283308029175s
5121778
PT: chr11, 53563944, -
PPPPPP: 0.0233290195465s
5121778
PT: chr17, 27691890, -
PPPPPP: 0.0177240371704s
5121778
PT: chr19, 60827896, +
PPPPPP: 0.0208480358124s
5121778
PT: chr1, 49347761, -
PPPPPP: 0.0150082111359s
BG: chrUn_GL456359, 17861, -
BBBBBB: 0.00466203689575s
BG: chrY_JH584300_random, 80234, +
BBBBBB: 0.00696587562561s
5121778
PT: chr17, 33944983, +
PPPPPP: 0.0228641033173s
BG: chrUn_GL456359, 4753, -
BBBBBB: 0.00478315353394s
5121778
PT: chr2, 152878176, -
PPPPPP: 0.0248501300812s
((16, 59520),)
(16L, 960L, 62L)
(16L, 59520L)
BG: chrUn_GL456394, 1947, -
BBBBBB: 0.00466799736023s
BG: chr1_GL456210_random, 5824, +
BBBBBB: 0.00705981254578s
BG: chrUn_GL456370, 21174, -
BBBBBB: 0.0045919418335s
5121778
PT: chr2, 28678819, +
PPPPPP: 0.0469300746918s
5121778
PT: chr3, 89957937, +
PPPPPP: 0.0503780841827s
5121778
PT: chr1, 87214382, +
PPPPPP: 0.0416839122772s
5121778
PT: chr5, 123181147, +
PPPPPP: 0.0283260345459s
5121778
PT: chr6, 140419928, +
PPPPPP: 0.0234060287476s
BG: chrUn_GL456382, 5882, +
BBBBBB: 0.00707411766052s
BG: chr1, 85001839, -
BBBBBB: 0.0328059196472s
5121778
PT: chr12, 76064074, -
PPPPPP: 0.0220420360565s
sampled background overlapped with positive examples
BG: chr5_JH584298_random, 25438, -
BBBBBB: 0.00977897644043s
5121778
PT: chr2, 4593736, +
PPPPPP: 0.0291438102722s
BG: chr15, 32908104, +
BBBBBB: 0.0221538543701s
5121778
PT: chr2, 170154057, +
PPPPPP: 0.0290458202362s
BG: chr14, 36063905, -
BBBBBB: 0.0191478729248s
((16, 59520),)
(16L, 960L, 62L)
(16L, 59520L)
5121778
PT: chr19, 44392713, -
PPPPPP: 0.0160191059113s
5121778
PT: chr4, 124440310, -
PPPPPP: 0.0348010063171s
BG: chr1_GL456210_random, 75924, -
BBBBBB: 0.00417900085449s
5121778
PT: chr13, 95925449, +
PPPPPP: 0.0307869911194s
BG: chrUn_GL456370, 19979, +
BBBBBB: 0.00760912895203s
5121778
PT: chr5, 148553424, -
PPPPPP: 0.031760931015s
5121778
PT: chr13, 94459023, +
PPPPPP: 0.0303370952606s
5121778
PT: chr3, 87934168, -
PPPPPP: 0.0314590930939s
5121778
PT: chr5, 139370185, +
PPPPPP: 0.0238881111145s
5121778
PT: chr17, 31830166, -
PPPPPP: 0.0237629413605s
BG: chr1_GL456211_random, 32876, -
BBBBBB: 0.00420713424683s
BG: chr5_JH584298_random, 99133, +
BBBBBB: 0.0070629119873s
5121778
PT: chr13, 52736609, -
PPPPPP: 0.0210399627686s
BG: chr1_GL456213_random, 25230, -
BBBBBB: 0.0042188167572s
5121778
PT: chr7, 81789176, -
PPPPPP: 0.0295159816742s
BG: chr5_JH584297_random, 4866, -
BBBBBB: 0.0042610168457s
((16, 59520),)
(16L, 960L, 62L)
(16L, 59520L)
627353
PT: chr8, 12384760, +
PPPPPP: 0.0178699493408s
BG: chr5_JH584299_random, 379281, -
BBBBBB: 0.00433993339539s
BG: chr1_GL456211_random, 136895, +
BBBBBB: 0.00746893882751s
627353
PT: chr9, 68709468, -
PPPPPP: 0.0572950839996s
627353
PT: chr9, 62347602, +
PPPPPP: 0.0362920761108s
BG: chr3, 45017747, -
BBBBBB: 0.00566220283508s
BG: chrUn_GL456368, 18744, +
BBBBBB: 0.00762987136841s
627353
PT: chr9, 117379887, -
PPPPPP: 0.0259389877319s
627353
PT: chr8, 71636250, -
PPPPPP: 0.0183501243591s
BG: chr5_JH584296_random, 119166, -
BBBBBB: 0.00430703163147s
BG: chrUn_GL456367, 29892, -
BBBBBB: 0.00469207763672s
BG: chr1_GL456221_random, 162455, +
BBBBBB: 0.00755190849304s
627353
PT: chr8, 15182524, -
PPPPPP: 0.0228989124298s
BG: chr4_JH584292_random, 2496, +
BBBBBB: 0.00757598876953s
BG: chrUn_GL456389, 19547, -
BBBBBB: 0.00462508201599s
627353
PT: chr8, 111824786, -
PPPPPP: 0.0305409431458s
((16, 59520),)
(16L, 960L, 62L)
(16L, 59520L)
BG: chr6, 134965285, -
BBBBBB: 0.0213289260864s
627353
PT: chr8, 120191483, +
PPPPPP: 0.0118448734283s
627353
PT: chr9, 72591510, -
PPPPPP: 0.0309290885925s
627353
PT: chr9, 23138746, +
PPPPPP: 0.0118958950043s
BG: chrUn_GL456385, 2847, -
BBBBBB: 0.00456500053406s
BG: chr4_JH584294_random, 72835, -
BBBBBB: 0.00415015220642s
BG: chr5_JH584297_random, 163777, +
BBBBBB: 0.00695204734802s
627353
PT: chr8, 14913961, -
PPPPPP: 0.030524969101s
sampled background overlapped with positive examples
BG: chrX_GL456233_random, 7500, -
BBBBBB: 0.0197510719299s
BG: chrUn_JH584304, 78300, -
BBBBBB: 0.00483703613281s
BG: chrX, 103128631, +
BBBBBB: 0.0187170505524s
BG: chrUn_GL456360, 18296, -
BBBBBB: 0.00455689430237s
BG: chrUn_GL456379, 49335, -
BBBBBB: 0.00471186637878s
627353
PT: chr9, 98611845, -
PPPPPP: 0.0147180557251s
627353
PT: chr8, 119464747, +
PPPPPP: 0.0117909908295s
627353
PT: chr8, 71511739, -
PPPPPP: 0.0135679244995s
((16, 59520),)
(16L, 960L, 62L)
(16L, 59520L)
sampled background overlapped with positive examples
BG: chrUn_GL456359, 15355, -
BBBBBB: 0.00515294075012s
627353
PT: chr8, 73642279, -
PPPPPP: 0.0686731338501s
BG: chr1_GL456213_random, 14965, -
BBBBBB: 0.00413608551025s
BG: chrUn_GL456389, 15336, -
BBBBBB: 0.0046079158783s
627353
PT: chr8, 30997134, +
PPPPPP: 0.0328190326691s
BG: chr14, 59019282, +
BBBBBB: 0.00854992866516s
BG: chrUn_GL456379, 42788, +
BBBBBB: 0.00703096389771s
627353
PT: chr9, 64872562, +
PPPPPP: 0.0283360481262s
627353
PT: chr9, 57656300, -
PPPPPP: 0.0356969833374s
627353
PT: chr9, 120249375, +
PPPPPP: 0.0246810913086s
BG: chr1, 162950713, +
BBBBBB: 0.025838136673s
sampled background overlapped with positive examples
sampled background overlapped with positive examples
BG: chrY_JH584301_random, 55106, -
BBBBBB: 0.0156850814819s
sampled background overlapped with positive examples
BG: chrUn_GL456390, 22502, -
BBBBBB: 0.00507688522339s
627353
PT: chr8, 88724036, -
PPPPPP: 0.11877989769s
BG: chr1_GL456221_random, 57939, -
BBBBBB: 0.00410318374634s
627353
PT: chr8, 123835768, +
PPPPPP: 0.0096070766449s
((16, 59520),)
(16L, 960L, 62L)
(16L, 59520L)
627353
PT: chr9, 57738777, +
PPPPPP: 0.00882387161255s
BG: chrUn_GL456379, 17443, +
BBBBBB: 0.00752401351929s
BG: chrUn_GL456390, 3377, +
BBBBBB: 0.00742602348328s
BG: chrUn_GL456366, 25260, +
BBBBBB: 0.00745511054993s
BG: chr5_JH584297_random, 176857, +
BBBBBB: 0.00701403617859s
BG: chr5_JH584297_random, 12855, -
BBBBBB: 0.00420713424683s
BG: chrY_JH584301_random, 117762, -
BBBBBB: 0.00411105155945s
627353
PT: chr9, 108783370, -
PPPPPP: 0.00956892967224s
627353
PT: chr9, 91127335, +
PPPPPP: 0.0291788578033s
sampled background overlapped with positive examples
BG: chrUn_GL456367, 6260, -
BBBBBB: 0.00508499145508s
627353
PT: chr8, 11047927, +
PPPPPP: 0.0124280452728s
BG: chrUn_GL456387, 12671, -
BBBBBB: 0.00470399856567s
BG: chrUn_GL456387, 2477, -
BBBBBB: 0.00474691390991s
BG: chr4_GL456216_random, 36909, -
BBBBBB: 0.00478792190552s
627353
PT: chr9, 113676148, +
PPPPPP: 0.0206460952759s
627353
PT: chr8, 10922452, +
PPPPPP: 0.011647939682s
((16, 59520),)
(16L, 960L, 62L)
(16L, 59520L)
BG: chr4_JH584294_random, 7537, +
BBBBBB: 0.007159948349s
BG: chrUn_GL456387, 13788, -
BBBBBB: 0.00464487075806s
627353
PT: chr8, 120793561, -
PPPPPP: 0.0183570384979s
BG: chrUn_GL456368, 17544, +
BBBBBB: 0.00754499435425s
BG: chr5, 135019592, -
BBBBBB: 0.0380589962006s
sampled background overlapped with positive examples
BG: chr7, 41007141, +
BBBBBB: 0.0433859825134s
627353
PT: chr9, 56730155, -
PPPPPP: 0.0369729995728s
BG: chrUn_GL456368, 18598, +
BBBBBB: 0.00753402709961s
627353
PT: chr8, 125832373, -
PPPPPP: 0.0167701244354s
627353
PT: chr8, 40554826, +
PPPPPP: 0.0103509426117s
627353
PT: chr8, 49263475, -
PPPPPP: 0.0291578769684s
627353
PT: chr9, 60313635, -
PPPPPP: 0.0195519924164s
BG: chr5_JH584299_random, 592874, -
BBBBBB: 0.00415802001953s
627353
PT: chr9, 110183885, -
PPPPPP: 0.0193150043488s
BG: chr5_GL456354_random, 147973, -
BBBBBB: 0.00426912307739s
BG: chrY_JH584302_random, 143371, +
BBBBBB: 0.00713300704956s
((16, 59520),)
(16L, 960L, 62L)
(16L, 59520L)
Train loss: 0.168015507981, Test loss: 0.110275644064. Time: 5.51729488373 s.
BG: chr1, 96849635, +
BBBBBB: 0.0249991416931s
sampled background overlapped with positive examples
sampled background overlapped with positive examples
BG: chrUn_GL456392, 19691, -
BBBBBB: 0.0171699523926s
5121778
PT: chr3, 128374213, +
PPPPPP: 0.0188949108124s
5121778
PT: chr11, 21265194, -
PPPPPP: 0.0255498886108s
BG: chrX, 38818155, -
BBBBBB: 0.0169651508331s
BG: chr17, 16266135, -
BBBBBB: 0.0282220840454s
5121778
PT: chr17, 74338593, +
PPPPPP: 0.0364139080048s
5121778
PT: chrX, 164449446, -
PPPPPP: 0.0221199989319s
5121778
PT: chr18, 36152554, +
PPPPPP: 0.0280342102051s
5121778
PT: chr11, 101168707, -
PPPPPP: 0.0221109390259s
5121778
PT: chr2, 4435865, +
PPPPPP: 0.0274028778076s
5121778
PT: chr7, 35057425, -
PPPPPP: 0.0227911472321s
BG: chr9, 11836538, -
BBBBBB: 0.0176529884338s
5121778
PT: chr11, 120042133, -
PPPPPP: 0.0117440223694s
BG: chr5_JH584296_random, 63244, -
BBBBBB: 0.00421786308289s
5121778
PT: chr2, 33591462, +
PPPPPP: 0.0254440307617s
((16, 59520),)
(16L, 960L, 62L)
(16L, 59520L)
BG: chr4_JH584293_random, 38707, +
BBBBBB: 0.00714802742004s
sampled background overlapped with positive examples
BG: chrUn_GL456394, 2985, +
BBBBBB: 0.00820302963257s
5121778
PT: chr17, 47560056, -
PPPPPP: 0.0237431526184s
sampled background overlapped with positive examples
sampled background overlapped with positive examples
BG: chrUn_GL456360, 23294, -
BBBBBB: 0.0179708003998s
BG: chr10, 600240, -
BBBBBB: 0.00852704048157s
BG: chr5_JH584297_random, 173108, +
BBBBBB: 0.00699996948242s
5121778
PT: chr13, 72858464, -
PPPPPP: 0.0222039222717s
5121778
PT: chr3, 129732900, +
PPPPPP: 0.0199620723724s
5121778
PT: chr7, 123068214, -
PPPPPP: 0.0264790058136s
5121778
PT: chr12, 113116067, -
PPPPPP: 0.0206570625305s
5121778
PT: chr6, 144210693, +
PPPPPP: 0.0201752185822s
5121778
PT: chr12, 52435208, -
PPPPPP: 0.0135989189148s
5121778
PT: chr7, 81576412, -
PPPPPP: 0.0179560184479s
5121778
PT: chr12, 110575705, +
PPPPPP: 0.0295858383179s
5121778
PT: chr1, 145413383, -
PPPPPP: 0.0112149715424s
5121778
PT: chr10, 79687156, -
PPPPPP: 0.0238299369812s
((16, 59520),)
(16L, 960L, 62L)
(16L, 59520L)
sampled background overlapped with positive examples
BG: chr4, 54421286, -
BBBBBB: 0.0164709091187s
5121778
PT: chr3, 57840115, -
PPPPPP: 0.0306599140167s
5121778
PT: chr14, 104496138, -
PPPPPP: 0.0233769416809s
BG: chr1_GL456221_random, 31893, -
BBBBBB: 0.00424814224243s
5121778
PT: chr11, 86217249, -
PPPPPP: 0.0310018062592s
sampled background overlapped with positive examples
BG: chr7_GL456219_random, 80712, -
BBBBBB: 0.00859403610229s
BG: chrUn_GL456360, 30895, -
BBBBBB: 0.00471591949463s
sampled background overlapped with positive examples
BG: chr15, 65690533, -
BBBBBB: 0.0157132148743s
5121778
PT: chr3, 158063870, +
PPPPPP: 0.0359308719635s
sampled background overlapped with positive examples
BG: chrUn_GL456381, 13068, +
BBBBBB: 0.0140211582184s
BG: chr8, 83119578, +
BBBBBB: 0.0279939174652s
BG: chr4_GL456216_random, 61878, -
BBBBBB: 0.0046489238739s
5121778
PT: chr6, 38677001, +
PPPPPP: 0.0299479961395s
sampled background overlapped with positive examples
sampled background overlapped with positive examples
BG: chr5_GL456354_random, 94384, -
BBBBBB: 0.0117571353912s
sampled background overlapped with positive examples
BG: chr4_JH584293_random, 9090, +
BBBBBB: 0.00761795043945s
BG: chrUn_GL456368, 10895, +
BBBBBB: 0.00752115249634s
((16, 59520),)
(16L, 960L, 62L)
(16L, 59520L)
5121778
PT: chr2, 18916484, -
PPPPPP: 0.0182030200958s
sampled background overlapped with positive examples
BG: chrUn_GL456385, 31373, -
BBBBBB: 0.0125811100006s
BG: chr5_JH584298_random, 93995, -
BBBBBB: 0.00418305397034s
5121778
PT: chr1, 178486947, +
PPPPPP: 0.0268549919128s
5121778
PT: chr11, 95150454, -
PPPPPP: 0.0221929550171s
BG: chrY_JH584301_random, 179836, -
BBBBBB: 0.00424408912659s
5121778
PT: chr3, 81916456, +
PPPPPP: 0.0236301422119s
5121778
PT: chr7, 16821278, -
PPPPPP: 0.0186588764191s
sampled background overlapped with positive examples
sampled background overlapped with positive examples
BG: chrUn_GL456385, 26344, -
BBBBBB: 0.0268049240112s
sampled background overlapped with positive examples
BG: chrUn_GL456378, 28484, -
BBBBBB: 0.00557780265808s
BG: chrUn_GL456366, 6091, +
BBBBBB: 0.00753688812256s
5121778
PT: chr15, 58135648, -
PPPPPP: 0.022097826004s
sampled background overlapped with positive examples
BG: chrY, 77370387, +
BBBBBB: 0.0178039073944s
5121778
PT: chr2, 146585563, -
PPPPPP: 0.0276410579681s
BG: chr15, 75879925, +
BBBBBB: 0.0191121101379s
5121778
PT: chr5, 77187701, +
PPPPPP: 0.0251541137695s
((16, 59520),)
(16L, 960L, 62L)
(16L, 59520L)
5121778
PT: chr4, 33187245, +
PPPPPP: 0.0265529155731s
BG: chrY, 1005428, +
BBBBBB: 0.00784182548523s
5121778
PT: chr13, 53444097, -
PPPPPP: 0.0242609977722s
BG: chr14, 123327350, +
BBBBBB: 0.0305228233337s
5121778
PT: chr6, 125368551, -
PPPPPP: 0.0232911109924s
BG: chr4_JH584293_random, 107422, +
BBBBBB: 0.00703597068787s
5121778
PT: chr15, 69164925, +
PPPPPP: 0.023246049881s
5121778
PT: chr1, 19674717, +
PPPPPP: 0.0199139118195s
BG: chr1_GL456221_random, 91892, -
BBBBBB: 0.0046820640564s
sampled background overlapped with positive examples
sampled background overlapped with positive examples
BG: chr5_JH584296_random, 16399, -
BBBBBB: 0.0114028453827s
BG: chr4_GL456216_random, 5395, +
BBBBBB: 0.00756406784058s
5121778
PT: chr7, 99567057, +
PPPPPP: 0.0381779670715s
5121778
PT: chr4, 123303267, +
PPPPPP: 0.0404479503632s
5121778
PT: chr13, 45637631, -
PPPPPP: 0.0377099514008s
BG: chr11, 12253140, +
BBBBBB: 0.0248529911041s
5121778
PT: chr2, 120019366, +
PPPPPP: 0.0122780799866s
((16, 59520),)
(16L, 960L, 62L)
(16L, 59520L)
5121778
PT: chr1, 78145188, +
PPPPPP: 0.0255420207977s
5121778
PT: chr17, 29856890, +
PPPPPP: 0.0216858386993s
BG: chr5_JH584299_random, 645877, -
BBBBBB: 0.00423407554626s
5121778
PT: chr4, 75561932, -
PPPPPP: 0.0205039978027s
5121778
PT: chr12, 102506972, +
PPPPPP: 0.0447931289673s
5121778
PT: chr17, 40904369, +
PPPPPP: 0.0180048942566s
BG: chrUn_GL456366, 12016, +
BBBBBB: 0.00743508338928s
BG: chrY, 28863083, -
BBBBBB: 0.0198981761932s
BG: chr4_JH584294_random, 126044, -
BBBBBB: 0.00417399406433s
BG: chr4_JH584293_random, 147558, -
BBBBBB: 0.00413107872009s
BG: chr4_JH584294_random, 180341, -
BBBBBB: 0.00421094894409s
5121778
PT: chr10, 115013718, -
PPPPPP: 0.018324136734s
BG: chr7, 62285248, +
BBBBBB: 0.0103650093079s
BG: chrUn_GL456385, 19406, -
BBBBBB: 0.00466394424438s
5121778
PT: chr1, 187836761, +
PPPPPP: 0.0314819812775s
5121778
PT: chr2, 10307779, -
PPPPPP: 0.0209128856659s
((16, 59520),)
(16L, 960L, 62L)
(16L, 59520L)
5121778
PT: chr14, 13190766, +
PPPPPP: 0.0226368904114s
5121778
PT: chr4, 99574148, -
PPPPPP: 0.041531085968s
BG: chrUn_GL456382, 16471, +
BBBBBB: 0.00708293914795s
5121778
PT: chr14, 109794274, +
PPPPPP: 0.0200600624084s
5121778
PT: chr15, 80674684, +
PPPPPP: 0.0307841300964s
BG: chr5_GL456354_random, 17156, +
BBBBBB: 0.00710201263428s
5121778
PT: chr17, 68776687, -
PPPPPP: 0.0100119113922s
BG: chr16, 26905990, -
BBBBBB: 0.0205781459808s
5121778
PT: chr10, 59501071, +
PPPPPP: 0.0254149436951s
BG: chr5_GL456354_random, 83156, -
BBBBBB: 0.00423312187195s
BG: chr5_JH584298_random, 179088, +
BBBBBB: 0.00691390037537s
BG: chr1_GL456210_random, 43160, -
BBBBBB: 0.00422596931458s
BG: chr6, 64698811, -
BBBBBB: 0.018205165863s
5121778
PT: chr1, 194256019, +
PPPPPP: 0.0155329704285s
5121778
PT: chr14, 31435329, -
PPPPPP: 0.0303449630737s
BG: chr12, 64312952, -
BBBBBB: 0.01185297966s
((16, 59520),)
(16L, 960L, 62L)
(16L, 59520L)
5121778
PT: chrX, 152079997, -
PPPPPP: 0.0335159301758s
sampled background overlapped with positive examples
BG: chr1_GL456213_random, 35162, +
BBBBBB: 0.0106070041656s
BG: chr17, 57933995, -
BBBBBB: 0.00516390800476s
5121778
PT: chr17, 56646720, -
PPPPPP: 0.00591206550598s
BG: chr5_JH584298_random, 9933, -
BBBBBB: 0.00409698486328s
5121778
PT: chr2, 107643320, -
PPPPPP: 0.0127630233765s
sampled background overlapped with positive examples
BG: chrUn_GL456393, 28171, +
BBBBBB: 0.0101139545441s
BG: chr1_GL456213_random, 6939, +
BBBBBB: 0.00695300102234s
5121778
PT: chr1, 20812193, +
PPPPPP: 0.0231449604034s
BG: chr8, 7717510, +
BBBBBB: 0.0190908908844s
BG: chrY_JH584301_random, 107002, -
BBBBBB: 0.00424909591675s
BG: chrUn_GL456368, 5718, -
BBBBBB: 0.00453615188599s
5121778
PT: chr3, 96744647, -
PPPPPP: 0.0173881053925s
5121778
PT: chr3, 59005922, +
PPPPPP: 0.0120611190796s
BG: chr13, 97880536, +
BBBBBB: 0.0512890815735s
BG: chr2, 730154, -
BBBBBB: 0.00467801094055s
((16, 59520),)
(16L, 960L, 62L)
(16L, 59520L)
sampled background overlapped with positive examples
BG: chr1_GL456212_random, 129290, -
BBBBBB: 0.00527501106262s
BG: chrUn_GL456367, 34500, +
BBBBBB: 0.00706601142883s
5121778
PT: chr16, 17239525, -
PPPPPP: 0.0279760360718s
5121778
PT: chr11, 17944643, +
PPPPPP: 0.0145809650421s
BG: chr5_JH584299_random, 223950, -
BBBBBB: 0.00428915023804s
BG: chrUn_GL456368, 12314, +
BBBBBB: 0.00756311416626s
5121778
PT: chr16, 4939141, +
PPPPPP: 0.0380439758301s
BG: chr5_JH584299_random, 823782, -
BBBBBB: 0.00413203239441s
5121778
PT: chr18, 67226166, +
PPPPPP: 0.0826871395111s
5121778
PT: chr6, 23180043, -
PPPPPP: 0.040018081665s
5121778
PT: chr2, 150789156, +
PPPPPP: 0.0330131053925s
BG: chr5_JH584299_random, 498468, +
BBBBBB: 0.00700783729553s
5121778
PT: chr13, 21216142, -
PPPPPP: 0.0180938243866s
5121778
PT: chr19, 29563931, +
PPPPPP: 0.0341498851776s
5121778
PT: chr13, 97235181, -
PPPPPP: 0.0283770561218s
5121778
PT: chr5, 136311197, -
PPPPPP: 0.0215940475464s
((16, 59520),)
(16L, 960L, 62L)
(16L, 59520L)
5121778
PT: chr2, 122315623, -
PPPPPP: 0.0278389453888s
5121778
PT: chr7, 34114140, +
PPPPPP: 0.0189769268036s
sampled background overlapped with positive examples
BG: chr5, 46537155, -
BBBBBB: 0.0230939388275s
5121778
PT: chr4, 154487570, +
PPPPPP: 0.0241630077362s
BG: chr1_GL456212_random, 7875, -
BBBBBB: 0.0041720867157s
5121778
PT: chr11, 23579328, -
PPPPPP: 0.0354959964752s
5121778
PT: chr19, 53927874, +
PPPPPP: 0.0308110713959s
BG: chrUn_GL456368, 5616, +
BBBBBB: 0.00741195678711s
BG: chrY_JH584300_random, 26140, -
BBBBBB: 0.0040910243988s
sampled background overlapped with positive examples
BG: chrY_JH584303_random, 31854, -
BBBBBB: 0.00469398498535s
BG: chr4_GL456350_random, 7993, -
BBBBBB: 0.00421786308289s
BG: chr3, 136312055, -
BBBBBB: 0.0205318927765s
5121778
PT: chr15, 84935578, -
PPPPPP: 0.0187759399414s
5121778
PT: chr13, 54640827, -
PPPPPP: 0.0117290019989s
BG: chr4_JH584294_random, 182542, -
BBBBBB: 0.00414204597473s
BG: chrY_JH584301_random, 4351, -
BBBBBB: 0.00415277481079s
((16, 59520),)
(16L, 960L, 62L)
(16L, 59520L)
BG: chrUn_GL456394, 10619, +
BBBBBB: 0.00777006149292s
627353
PT: chr9, 66390916, +
PPPPPP: 0.035453081131s
627353
PT: chr8, 48400931, -
PPPPPP: 0.0283370018005s
627353
PT: chr9, 110363530, -
PPPPPP: 0.00697994232178s
627353
PT: chr8, 34079359, +
PPPPPP: 0.0102529525757s
BG: chrX, 24814907, -
BBBBBB: 0.229331970215s
BG: chrY_JH584303_random, 99882, -
BBBBBB: 0.00419282913208s
BG: chr19, 49422806, +
BBBBBB: 0.0191719532013s
627353
PT: chr8, 14986546, +
PPPPPP: 0.0239510536194s
627353
PT: chr8, 27222832, -
PPPPPP: 0.147379875183s
627353
PT: chr8, 22934562, -
PPPPPP: 0.0231280326843s
627353
PT: chr8, 65088534, +
PPPPPP: 0.00959205627441s
BG: chrUn_GL456372, 20152, -
BBBBBB: 0.00413584709167s
BG: chrUn_JH584304, 45147, -
BBBBBB: 0.00468397140503s
BG: chr1_GL456212_random, 22510, +
BBBBBB: 0.00702905654907s
BG: chr1_GL456212_random, 140537, -
BBBBBB: 0.00457215309143s
((16, 59520),)
(16L, 960L, 62L)
(16L, 59520L)
627353
PT: chr8, 11172022, +
PPPPPP: 0.0124869346619s
627353
PT: chr8, 122526878, +
PPPPPP: 0.0128710269928s
627353
PT: chr8, 117274748, -
PPPPPP: 0.0267851352692s
BG: chr4_JH584292_random, 2628, +
BBBBBB: 0.00756597518921s
627353
PT: chr8, 103619027, -
PPPPPP: 0.0428562164307s
BG: chrY_JH584302_random, 25942, +
BBBBBB: 0.00708293914795s
627353
PT: chr9, 21136495, -
PPPPPP: 0.0063591003418s
BG: chrUn_GL456360, 556, -
BBBBBB: 0.00458812713623s
BG: chrUn_GL456359, 18723, -
BBBBBB: 0.00447106361389s
sampled background overlapped with positive examples
BG: chr5_JH584299_random, 257112, +
BBBBBB: 0.0075991153717s
627353
PT: chr9, 21909743, -
PPPPPP: 0.0112180709839s
627353
PT: chr9, 75449031, +
PPPPPP: 0.0670328140259s
sampled background overlapped with positive examples
BG: chr8, 5280460, +
BBBBBB: 0.0207679271698s
BG: chr5_JH584297_random, 2849, -
BBBBBB: 0.00414705276489s
627353
PT: chr9, 10883187, +
PPPPPP: 0.0229392051697s
627353
PT: chr9, 60591598, -
PPPPPP: 0.00982403755188s
((16, 59520),)
(16L, 960L, 62L)
(16L, 59520L)
BG: chrUn_GL456382, 18898, +
BBBBBB: 0.00707101821899s
BG: chrUn_GL456368, 5676, +
BBBBBB: 0.00748920440674s
sampled background overlapped with positive examples
BG: chr4_GL456216_random, 60538, -
BBBBBB: 0.00524616241455s
627353
PT: chr8, 125218408, -
PPPPPP: 0.0113708972931s
sampled background overlapped with positive examples
sampled background overlapped with positive examples
BG: chrUn_GL456385, 29502, -
BBBBBB: 0.0144290924072s
BG: chrX, 153954001, +
BBBBBB: 0.0191469192505s
BG: chrUn_GL456366, 16926, -
BBBBBB: 0.00457906723022s
627353
PT: chr9, 58014957, +
PPPPPP: 0.0266509056091s
sampled background overlapped with positive examples
BG: chrUn_GL456366, 5644, +
BBBBBB: 0.00805401802063s
BG: chrUn_GL456239, 24909, -
BBBBBB: 0.0045919418335s
sampled background overlapped with positive examples
BG: chrY_JH584303_random, 79589, -
BBBBBB: 0.0109059810638s
627353
PT: chr9, 21312221, -
PPPPPP: 0.0190160274506s
BG: chrUn_GL456390, 20962, -
BBBBBB: 0.0046489238739s
BG: chrUn_GL456378, 31093, +
BBBBBB: 0.00751209259033s
BG: chr11, 51639771, +
BBBBBB: 0.0326330661774s
BG: chrUn_GL456385, 2523, -
BBBBBB: 0.00457000732422s
((16, 59520),)
(16L, 960L, 62L)
(16L, 59520L)
sampled background overlapped with positive examples
BG: chr14, 36729350, +
BBBBBB: 0.0443742275238s
BG: chrUn_GL456390, 11174, +
BBBBBB: 0.00751686096191s
627353
PT: chr9, 40859307, +
PPPPPP: 0.0295000076294s
627353
PT: chr9, 45540523, +
PPPPPP: 0.00988698005676s
BG: chr1_GL456210_random, 90847, -
BBBBBB: 0.00429606437683s
BG: chrX_GL456233_random, 201107, +
BBBBBB: 0.00874996185303s
sampled background overlapped with positive examples
BG: chr5_JH584296_random, 186360, +
BBBBBB: 0.00973296165466s
BG: chrUn_GL456382, 15881, -
BBBBBB: 0.00417399406433s
BG: chrUn_GL456366, 46229, -
BBBBBB: 0.00475406646729s
627353
PT: chr8, 13529092, -
PPPPPP: 0.0259411334991s
627353
PT: chr9, 58642516, -
PPPPPP: 0.0234348773956s
BG: chrY_JH584302_random, 115460, -
BBBBBB: 0.00427007675171s
627353
PT: chr9, 85731784, +
PPPPPP: 0.0253601074219s
BG: chr1_GL456210_random, 27983, +
BBBBBB: 0.00706601142883s
sampled background overlapped with positive examples
BG: chrUn_JH584304, 33743, -
BBBBBB: 0.00517416000366s
627353
PT: chr8, 84834126, +
PPPPPP: 0.0337820053101s
((16, 59520),)
(16L, 960L, 62L)
(16L, 59520L)
627353
PT: chr9, 12610478, +
PPPPPP: 0.0170030593872s
627353
PT: chr9, 13533030, +
PPPPPP: 0.0136089324951s
627353
PT: chr9, 113896206, -
PPPPPP: 0.0128848552704s
BG: chr4_GL456350_random, 110632, -
BBBBBB: 0.0042610168457s
627353
PT: chr9, 13515068, -
PPPPPP: 0.00666117668152s
BG: chr8, 72410574, -
BBBBBB: 0.0185661315918s
BG: chrUn_GL456394, 13453, -
BBBBBB: 0.00476598739624s
627353
PT: chr8, 124832505, +
PPPPPP: 0.016891002655s
sampled background overlapped with positive examples
BG: chr1_GL456213_random, 23394, -
BBBBBB: 0.00476694107056s
627353
PT: chr8, 89143155, -
PPPPPP: 0.0170948505402s
BG: chr4_GL456216_random, 60043, +
BBBBBB: 0.00760102272034s
627353
PT: chr8, 64759670, +
PPPPPP: 0.0258779525757s
BG: chrX_GL456233_random, 319407, +
BBBBBB: 0.00763607025146s
BG: chr5_JH584296_random, 41825, +
BBBBBB: 0.007080078125s
627353
PT: chr9, 28766165, +
PPPPPP: 0.0181479454041s
627353
PT: chr8, 121474557, +
PPPPPP: 0.0168008804321s
((16, 59520),)
(16L, 960L, 62L)
(16L, 59520L)
Train loss: 0.138726241887, Test loss: 0.112831526995. Time: 5.68903589249 s.
Took 216.353234053 to train and test this model.
